#
# There is insufficient memory for the Java Runtime Environment to continue.
# Native memory allocation (malloc) failed to allocate 1048576 bytes for AllocateHeap
# Possible reasons:
#   The system is out of physical RAM or swap space
#   The process is running with CompressedOops enabled, and the Java Heap may be blocking the growth of the native heap
# Possible solutions:
#   Reduce memory load on the system
#   Increase physical memory or swap space
#   Check if swap backing store is full
#   Decrease Java heap size (-Xmx/-Xms)
#   Decrease number of Java threads
#   Decrease Java thread stack sizes (-Xss)
#   Set larger code cache with -XX:ReservedCodeCacheSize=
#   JVM is running with Unscaled Compressed Oops mode in which the Java heap is
#     placed in the first 4GB address space. The Java Heap base address is the
#     maximum limit for the native heap growth. Please use -XX:HeapBaseMinAddress
#     to set the Java Heap base and to place the Java Heap above 4GB virtual address.
# This output file may be truncated or incomplete.
#
#  Out of Memory Error (c:/BuildAgent/work/5ff2f6c26000d570/src/hotspot/share/memory/allocation.cpp:46), pid=12240, tid=12756
#
# JRE version: OpenJDK Runtime Environment (11.0.3+12) (build 11.0.3+12-b304.56)
# Java VM: OpenJDK 64-Bit Server VM (11.0.3+12-b304.56, mixed mode, sharing, tiered, compressed oops, g1 gc, windows-amd64)
# No core dump will be written. Minidumps are not enabled by default on client versions of Windows
#

---------------  S U M M A R Y ------------

Command Line: -XX:TieredStopAtLevel=1 -Xverify:none -Dspring.output.ansi.enabled=always -Dcom.sun.management.jmxremote -Dspring.jmx.enabled=true -Dspring.liveBeansView.mbeanDomain -Dspring.application.admin.enabled=true -javaagent:C:\Program Files\JetBrains\IntelliJ IDEA 2019.2.2\lib\idea_rt.jar=57032:C:\Program Files\JetBrains\IntelliJ IDEA 2019.2.2\bin -Dfile.encoding=UTF-8 com.example.demo.DemoApplication

Host: Intel(R) Core(TM) i5-7200U CPU @ 2.50GHz, 4 cores, 3G,  Windows 10 , 64 bit Build 18362 (10.0.18362.329)
Time: Tue Nov 12 11:35:55 2019 RTZ 2 (ceia) elapsed time: 21 seconds (0d 0h 0m 21s)

---------------  T H R E A D  ---------------

Current thread (0x0000026d1317d800):  VMThread "VM Thread" [stack: 0x000000f303a00000,0x000000f303b00000] [id=12756]

Stack: [0x000000f303a00000,0x000000f303b00000]
[error occurred during error reporting (printing stack bounds), id 0xc0000005, EXCEPTION_ACCESS_VIOLATION (0xc0000005) at pc=0x0000026d00000bad]

Native frames: (J=compiled Java code, j=interpreted, Vv=VM code, C=native code)
V  [jvm.dll+0x5da77a]
V  [jvm.dll+0x70b9c9]
V  [jvm.dll+0x70cee8]
V  [jvm.dll+0x70d515]
V  [jvm.dll+0x70d4cb]
V  [jvm.dll+0x5d9f08]
V  [jvm.dll+0x5da368]
C  [ntdll.dll+0xa11ff]
C  [ntdll.dll+0x6a289]
C  [ntdll.dll+0x9fe6e]
C  0x0000026d00000bad

VM_Operation (0x000000f3034fc240): CollectForMetadataAllocation, mode: safepoint, requested by thread 0x0000026d7b846800


---------------  P R O C E S S  ---------------

Threads class SMR info:
_java_thread_list=0x0000026d158421f0, length=19, elements={
0x0000026d7b846800, 0x0000026d13183000, 0x0000026d13185000, 0x0000026d131a6800,
0x0000026d131a8800, 0x0000026d131aa800, 0x0000026d131b0000, 0x0000026d13175000,
0x0000026d13f0b800, 0x0000026d13f0c800, 0x0000026d140ae000, 0x0000026d1412b000,
0x0000026d1417e000, 0x0000026d15729000, 0x0000026d156f0800, 0x0000026d1441d000,
0x0000026d13239000, 0x0000026d1323a000, 0x0000026d1427a800
}

Java Threads: ( => current thread )
  0x0000026d7b846800 JavaThread "main" [_thread_blocked, id=1580, stack(0x000000f303400000,0x000000f303500000)]
  0x0000026d13183000 JavaThread "Reference Handler" daemon [_thread_blocked, id=7896, stack(0x000000f303b00000,0x000000f303c00000)]
  0x0000026d13185000 JavaThread "Finalizer" daemon [_thread_blocked, id=6252, stack(0x000000f303c00000,0x000000f303d00000)]
  0x0000026d131a6800 JavaThread "Signal Dispatcher" daemon [_thread_blocked, id=868, stack(0x000000f303d00000,0x000000f303e00000)]
  0x0000026d131a8800 JavaThread "Attach Listener" daemon [_thread_blocked, id=4672, stack(0x000000f303e00000,0x000000f303f00000)]
  0x0000026d131aa800 JavaThread "C1 CompilerThread0" daemon [_thread_blocked, id=4224, stack(0x000000f303f00000,0x000000f304000000)]
  0x0000026d131b0000 JavaThread "Sweeper thread" daemon [_thread_blocked, id=8636, stack(0x000000f304000000,0x000000f304100000)]
  0x0000026d13175000 JavaThread "Common-Cleaner" daemon [_thread_blocked, id=2292, stack(0x000000f304100000,0x000000f304200000)]
  0x0000026d13f0b800 JavaThread "Monitor Ctrl-Break" daemon [_thread_in_native, id=5024, stack(0x000000f304200000,0x000000f304300000)]
  0x0000026d13f0c800 JavaThread "Service Thread" daemon [_thread_blocked, id=3792, stack(0x000000f304300000,0x000000f304400000)]
  0x0000026d140ae000 JavaThread "RMI TCP Accept-0" daemon [_thread_in_native, id=2460, stack(0x000000f304400000,0x000000f304500000)]
  0x0000026d1412b000 JavaThread "RMI TCP Connection(1)-172.31.4.151" daemon [_thread_blocked, id=6188, stack(0x000000f304600000,0x000000f304700000)]
  0x0000026d1417e000 JavaThread "RMI Scheduler(0)" daemon [_thread_blocked, id=6340, stack(0x000000f304900000,0x000000f304a00000)]
  0x0000026d15729000 JavaThread "MVStore background writer nio:C:/Users/РќРёРєРёС‚Р°/test.mv.db" daemon [_thread_blocked, id=8144, stack(0x000000f304a00000,0x000000f304b00000)]
  0x0000026d156f0800 JavaThread "HikariPool-1 housekeeper" daemon [_thread_blocked, id=8072, stack(0x000000f304d00000,0x000000f304e00000)]
  0x0000026d1441d000 JavaThread "HikariPool-1 connection adder" daemon [_thread_blocked, id=2184, stack(0x000000f304e00000,0x000000f304f00000)]
  0x0000026d13239000 JavaThread "Catalina-utility-1" [_thread_blocked, id=10484, stack(0x000000f304f00000,0x000000f305000000)]
  0x0000026d1323a000 JavaThread "Catalina-utility-2" [_thread_blocked, id=6372, stack(0x000000f305000000,0x000000f305100000)]
  0x0000026d1427a800 JavaThread "container-0" [_thread_blocked, id=4812, stack(0x000000f305100000,0x000000f305200000)]

Other Threads:
=>0x0000026d1317d800 VMThread "VM Thread" [stack: 0x000000f303a00000,0x000000f303b00000] [id=12756]
  0x0000026d140bf800 WatcherThread [stack: 0x000000f304500000,0x000000f304600000] [id=8624]
  0x0000026d7b85d000 GCTaskThread "GC Thread#0" [stack: 0x000000f303500000,0x000000f303600000] [id=7048]
  0x0000026d1416f000 GCTaskThread "GC Thread#1" [stack: 0x000000f304700000,0x000000f304800000] [id=12564]
  0x0000026d14582800 GCTaskThread "GC Thread#2" [stack: 0x000000f304b00000,0x000000f304c00000] [id=3504]
  0x0000026d145b3000 GCTaskThread "GC Thread#3" [stack: 0x000000f304c00000,0x000000f304d00000] [id=8652]
  0x0000026d7b877800 ConcurrentGCThread "G1 Main Marker" [stack: 0x000000f303600000,0x000000f303700000] [id=10064]
  0x0000026d7b879000 ConcurrentGCThread "G1 Conc#0" [stack: 0x000000f303700000,0x000000f303800000] [id=12116]
  0x0000026d7b8d0000 ConcurrentGCThread "G1 Refine#0" [stack: 0x000000f303800000,0x000000f303900000] [id=11704]
  0x0000026d14175800 ConcurrentGCThread "G1 Refine#1" [stack: 0x000000f304800000,0x000000f304900000] [id=1840]
  0x0000026d7b8d1000 ConcurrentGCThread "G1 Young RemSet Sampling" [stack: 0x000000f303900000,0x000000f303a00000] [id=12784]

Threads with active compile tasks:

VM state:at safepoint (normal execution)

VM Mutex/Monitor currently owned by a thread:  ([mutex/lock_event])
[0x0000026d7b8431c0] Threads_lock - owner thread: 0x0000026d1317d800
[0x0000026d7b842680] Heap_lock - owner thread: 0x0000026d7b846800

Heap address: 0x00000000c1800000, size: 1000 MB, Compressed Oops mode: 32-bit
Narrow klass base: 0x0000000800000000, Narrow klass shift: 3
Compressed class space size: 1073741824 Address: 0x0000000840000000

Heap:
 garbage-first heap   total 65536K, used 19450K [0x00000000c1800000, 0x0000000100000000)
  region size 1024K, 3 young (3072K), 3 survivors (3072K)
 Metaspace       used 32218K, capacity 33387K, committed 33456K, reserved 1085440K
  class space    used 4320K, capacity 4823K, committed 4864K, reserved 1048576K
Heap Regions: E=young(eden), S=young(survivor), O=old, HS=humongous(starts), HC=humongous(continues), CS=collection set, F=free, A=archive, TAMS=top-at-mark-start (previous, next)
|   0|0x00000000c1800000, 0x00000000c1900000, 0x00000000c1900000|100%|HS|  |TAMS 0x00000000c1900000, 0x00000000c1900000| Complete 
|   1|0x00000000c1900000, 0x00000000c1a00000, 0x00000000c1a00000|100%| O|  |TAMS 0x00000000c1a00000, 0x00000000c1a00000| Untracked 
|   2|0x00000000c1a00000, 0x00000000c1b00000, 0x00000000c1b00000|100%| O|  |TAMS 0x00000000c1b00000, 0x00000000c1b00000| Untracked 
|   3|0x00000000c1b00000, 0x00000000c1c00000, 0x00000000c1c00000|100%| O|  |TAMS 0x00000000c1c00000, 0x00000000c1c00000| Untracked 
|   4|0x00000000c1c00000, 0x00000000c1d00000, 0x00000000c1d00000|100%| O|  |TAMS 0x00000000c1d00000, 0x00000000c1d00000| Untracked 
|   5|0x00000000c1d00000, 0x00000000c1e00000, 0x00000000c1e00000|100%| O|  |TAMS 0x00000000c1e00000, 0x00000000c1e00000| Untracked 
|   6|0x00000000c1e00000, 0x00000000c1f00000, 0x00000000c1f00000|100%| O|  |TAMS 0x00000000c1f00000, 0x00000000c1f00000| Untracked 
|   7|0x00000000c1f00000, 0x00000000c2000000, 0x00000000c2000000|100%| O|  |TAMS 0x00000000c2000000, 0x00000000c2000000| Untracked 
|   8|0x00000000c2000000, 0x00000000c2100000, 0x00000000c2100000|100%| O|  |TAMS 0x00000000c2100000, 0x00000000c2100000| Untracked 
|   9|0x00000000c2100000, 0x00000000c2200000, 0x00000000c2200000|100%| O|  |TAMS 0x00000000c2100000, 0x00000000c2200000| Untracked 
|  10|0x00000000c2200000, 0x00000000c2300000, 0x00000000c2300000|100%| O|  |TAMS 0x00000000c2200000, 0x00000000c2300000| Untracked 
|  11|0x00000000c2300000, 0x00000000c2400000, 0x00000000c2400000|100%| O|  |TAMS 0x00000000c2300000, 0x00000000c2400000| Untracked 
|  12|0x00000000c2400000, 0x00000000c2500000, 0x00000000c2500000|100%| O|  |TAMS 0x00000000c2400000, 0x00000000c2500000| Untracked 
|  13|0x00000000c2500000, 0x00000000c2600000, 0x00000000c2600000|100%| O|  |TAMS 0x00000000c2500000, 0x00000000c2600000| Untracked 
|  14|0x00000000c2600000, 0x00000000c2625800, 0x00000000c2700000| 14%| O|  |TAMS 0x00000000c2600000, 0x00000000c2625800| Untracked 
|  15|0x00000000c2700000, 0x00000000c2800000, 0x00000000c2800000|100%|HS|  |TAMS 0x00000000c2700000, 0x00000000c2800000| Complete 
|  16|0x00000000c2800000, 0x00000000c2900000, 0x00000000c2900000|100%|HC|  |TAMS 0x00000000c2800000, 0x00000000c2900000| Complete 
|  17|0x00000000c2900000, 0x00000000c2900000, 0x00000000c2a00000|  0%| F|  |TAMS 0x00000000c2900000, 0x00000000c2900000| Untracked 
|  18|0x00000000c2a00000, 0x00000000c2a00000, 0x00000000c2b00000|  0%| F|  |TAMS 0x00000000c2a00000, 0x00000000c2a00000| Untracked 
|  19|0x00000000c2b00000, 0x00000000c2b00000, 0x00000000c2c00000|  0%| F|  |TAMS 0x00000000c2b00000, 0x00000000c2b00000| Untracked 
|  20|0x00000000c2c00000, 0x00000000c2c00000, 0x00000000c2d00000|  0%| F|  |TAMS 0x00000000c2c00000, 0x00000000c2c00000| Untracked 
|  21|0x00000000c2d00000, 0x00000000c2d00000, 0x00000000c2e00000|  0%| F|  |TAMS 0x00000000c2d00000, 0x00000000c2d00000| Untracked 
|  22|0x00000000c2e00000, 0x00000000c2e00000, 0x00000000c2f00000|  0%| F|  |TAMS 0x00000000c2e00000, 0x00000000c2e00000| Untracked 
|  23|0x00000000c2f00000, 0x00000000c2f00000, 0x00000000c3000000|  0%| F|  |TAMS 0x00000000c2f00000, 0x00000000c2f00000| Untracked 
|  24|0x00000000c3000000, 0x00000000c3000000, 0x00000000c3100000|  0%| F|  |TAMS 0x00000000c3000000, 0x00000000c3000000| Untracked 
|  25|0x00000000c3100000, 0x00000000c3100000, 0x00000000c3200000|  0%| F|  |TAMS 0x00000000c3100000, 0x00000000c3100000| Untracked 
|  26|0x00000000c3200000, 0x00000000c3200000, 0x00000000c3300000|  0%| F|  |TAMS 0x00000000c3200000, 0x00000000c3200000| Untracked 
|  27|0x00000000c3300000, 0x00000000c3300000, 0x00000000c3400000|  0%| F|  |TAMS 0x00000000c3300000, 0x00000000c3300000| Untracked 
|  28|0x00000000c3400000, 0x00000000c3400000, 0x00000000c3500000|  0%| F|  |TAMS 0x00000000c3400000, 0x00000000c3400000| Untracked 
|  29|0x00000000c3500000, 0x00000000c3500000, 0x00000000c3600000|  0%| F|  |TAMS 0x00000000c3500000, 0x00000000c3500000| Untracked 
|  30|0x00000000c3600000, 0x00000000c3600000, 0x00000000c3700000|  0%| F|  |TAMS 0x00000000c3600000, 0x00000000c3600000| Untracked 
|  31|0x00000000c3700000, 0x00000000c3700000, 0x00000000c3800000|  0%| F|  |TAMS 0x00000000c3700000, 0x00000000c3700000| Untracked 
|  32|0x00000000c3800000, 0x00000000c3800000, 0x00000000c3900000|  0%| F|  |TAMS 0x00000000c3800000, 0x00000000c3800000| Untracked 
|  33|0x00000000c3900000, 0x00000000c3900000, 0x00000000c3a00000|  0%| F|  |TAMS 0x00000000c3900000, 0x00000000c3900000| Untracked 
|  34|0x00000000c3a00000, 0x00000000c3a00000, 0x00000000c3b00000|  0%| F|  |TAMS 0x00000000c3a00000, 0x00000000c3a00000| Untracked 
|  35|0x00000000c3b00000, 0x00000000c3b00000, 0x00000000c3c00000|  0%| F|  |TAMS 0x00000000c3b00000, 0x00000000c3b00000| Untracked 
|  36|0x00000000c3c00000, 0x00000000c3c00000, 0x00000000c3d00000|  0%| F|  |TAMS 0x00000000c3c00000, 0x00000000c3c00000| Untracked 
|  37|0x00000000c3d00000, 0x00000000c3d00000, 0x00000000c3e00000|  0%| F|  |TAMS 0x00000000c3d00000, 0x00000000c3d00000| Untracked 
|  38|0x00000000c3e00000, 0x00000000c3e00000, 0x00000000c3f00000|  0%| F|  |TAMS 0x00000000c3e00000, 0x00000000c3e00000| Untracked 
|  39|0x00000000c3f00000, 0x00000000c3f00000, 0x00000000c4000000|  0%| F|  |TAMS 0x00000000c3f00000, 0x00000000c3f00000| Untracked 
|  40|0x00000000c4000000, 0x00000000c4000000, 0x00000000c4100000|  0%| F|  |TAMS 0x00000000c4000000, 0x00000000c4000000| Untracked 
|  41|0x00000000c4100000, 0x00000000c4100000, 0x00000000c4200000|  0%| F|  |TAMS 0x00000000c4100000, 0x00000000c4100000| Untracked 
|  42|0x00000000c4200000, 0x00000000c42d92d0, 0x00000000c4300000| 84%| S|CS|TAMS 0x00000000c4200000, 0x00000000c4200000| Complete 
|  43|0x00000000c4300000, 0x00000000c4400000, 0x00000000c4400000|100%| S|CS|TAMS 0x00000000c4300000, 0x00000000c4300000| Complete 
|  44|0x00000000c4400000, 0x00000000c4500000, 0x00000000c4500000|100%| S|CS|TAMS 0x00000000c4400000, 0x00000000c4400000| Complete 
|  45|0x00000000c4500000, 0x00000000c4500000, 0x00000000c4600000|  0%| F|  |TAMS 0x00000000c4500000, 0x00000000c4500000| Untracked 
|  46|0x00000000c4600000, 0x00000000c4600000, 0x00000000c4700000|  0%| F|  |TAMS 0x00000000c4600000, 0x00000000c4600000| Untracked 
|  47|0x00000000c4700000, 0x00000000c4700000, 0x00000000c4800000|  0%| F|  |TAMS 0x00000000c4700000, 0x00000000c4700000| Untracked 
|  48|0x00000000c4800000, 0x00000000c4800000, 0x00000000c4900000|  0%| F|  |TAMS 0x00000000c4800000, 0x00000000c4800000| Untracked 
|  49|0x00000000c4900000, 0x00000000c4900000, 0x00000000c4a00000|  0%| F|  |TAMS 0x00000000c4900000, 0x00000000c4900000| Untracked 
|  50|0x00000000c4a00000, 0x00000000c4a00000, 0x00000000c4b00000|  0%| F|  |TAMS 0x00000000c4a00000, 0x00000000c4a00000| Untracked 
|  51|0x00000000c4b00000, 0x00000000c4b00000, 0x00000000c4c00000|  0%| F|  |TAMS 0x00000000c4b00000, 0x00000000c4b00000| Untracked 
|  52|0x00000000c4c00000, 0x00000000c4c00000, 0x00000000c4d00000|  0%| F|  |TAMS 0x00000000c4c00000, 0x00000000c4c00000| Untracked 
|  53|0x00000000c4d00000, 0x00000000c4d00000, 0x00000000c4e00000|  0%| F|  |TAMS 0x00000000c4d00000, 0x00000000c4d00000| Untracked 
|  54|0x00000000c4e00000, 0x00000000c4e00000, 0x00000000c4f00000|  0%| F|  |TAMS 0x00000000c4e00000, 0x00000000c4e00000| Untracked 
|  55|0x00000000c4f00000, 0x00000000c4f00000, 0x00000000c5000000|  0%| F|  |TAMS 0x00000000c4f00000, 0x00000000c4f00000| Untracked 
|  56|0x00000000c5000000, 0x00000000c5000000, 0x00000000c5100000|  0%| F|  |TAMS 0x00000000c5000000, 0x00000000c5000000| Untracked 
|  57|0x00000000c5100000, 0x00000000c5100000, 0x00000000c5200000|  0%| F|  |TAMS 0x00000000c5100000, 0x00000000c5100000| Untracked 
|  58|0x00000000c5200000, 0x00000000c5200000, 0x00000000c5300000|  0%| F|  |TAMS 0x00000000c5200000, 0x00000000c5200000| Untracked 
|  59|0x00000000c5300000, 0x00000000c5300000, 0x00000000c5400000|  0%| F|  |TAMS 0x00000000c5300000, 0x00000000c5300000| Untracked 
|  60|0x00000000c5400000, 0x00000000c5400000, 0x00000000c5500000|  0%| F|  |TAMS 0x00000000c5400000, 0x00000000c5400000| Untracked 
|  61|0x00000000c5500000, 0x00000000c5500000, 0x00000000c5600000|  0%| F|  |TAMS 0x00000000c5500000, 0x00000000c5500000| Untracked 
|  62|0x00000000c5600000, 0x00000000c5600000, 0x00000000c5700000|  0%| F|  |TAMS 0x00000000c5600000, 0x00000000c5600000| Untracked 
|  63|0x00000000c5700000, 0x00000000c5700000, 0x00000000c5800000|  0%| F|  |TAMS 0x00000000c5700000, 0x00000000c5700000| Untracked 

Card table byte_map: [0x0000026d7f8e0000,0x0000026d7fae0000] _byte_map_base: 0x0000026d7f2d4000

Marking Bits (Prev, Next): (CMBitMap*) 0x0000026d7b873130, (CMBitMap*) 0x0000026d7b8730f8
 Prev Bits: [0x0000026d0ffa0000, 0x0000026d10f40000)
 Next Bits: [0x0000026d0f000000, 0x0000026d0ffa0000)

Polling page: 0x0000026d796e0000

Metaspace:

Usage:
  Non-class:     27.89 MB capacity,    27.24 MB ( 98%) used,   533.45 KB (  2%) free+waste,   132.25 KB ( <1%) overhead. 
      Class:      4.71 MB capacity,     4.22 MB ( 90%) used,   435.46 KB (  9%) free+waste,    67.50 KB (  1%) overhead. 
       Both:     32.60 MB capacity,    31.46 MB ( 96%) used,   968.91 KB (  3%) free+waste,   199.75 KB ( <1%) overhead. 

Virtual space:
  Non-class space:       36.00 MB reserved,      27.92 MB ( 78%) committed 
      Class space:        1.00 GB reserved,       4.75 MB ( <1%) committed 
             Both:        1.04 GB reserved,      32.67 MB (  3%) committed 

Chunk freelists:
   Non-Class:  28.00 KB
       Class:  9.00 KB
        Both:  37.00 KB

CodeHeap 'non-profiled nmethods': size=238912Kb used=6149Kb max_used=6149Kb free=232762Kb
 bounds [0x0000026d006b0000, 0x0000026d00cc0000, 0x0000026d0f000000]
CodeHeap 'non-nmethods': size=6848Kb used=1200Kb max_used=1200Kb free=5647Kb
 bounds [0x0000026d00000000, 0x0000026d00270000, 0x0000026d006b0000]
 total_blobs=4333 nmethods=3748 adapters=472
 compilation: enabled
              stopped_count=0, restarted_count=0
 full_count=0

Compilation events (10 events):
Event: 19.792 Thread 0x0000026d131aa800 3766       1       jdk.internal.loader.BuiltinClassLoader$1::hasNext (93 bytes)
Event: 19.792 Thread 0x0000026d131aa800 nmethod 3766 0x0000026d00cac710 code [0x0000026d00cac920, 0x0000026d00cacd30]
Event: 19.908 Thread 0x0000026d131aa800 3767       1       jdk.internal.loader.BuiltinClassLoader$1::hasMoreElements (5 bytes)
Event: 19.908 Thread 0x0000026d131aa800 nmethod 3767 0x0000026d00cace90 code [0x0000026d00cad040, 0x0000026d00cad190]
Event: 20.123 Thread 0x0000026d131aa800 3768       1       javax.management.ObjectName::construct (1135 bytes)
Event: 20.132 Thread 0x0000026d131aa800 nmethod 3768 0x0000026d00cad210 code [0x0000026d00cad680, 0x0000026d00cafb70]
Event: 20.643 Thread 0x0000026d131aa800 3769       1       sun.rmi.transport.WeakRef::hashCode (5 bytes)
Event: 20.644 Thread 0x0000026d131aa800 nmethod 3769 0x0000026d00cb0d90 code [0x0000026d00cb0f40, 0x0000026d00cb1078]
Event: 20.770 Thread 0x0000026d131aa800 3770       1       org.h2.mvstore.MVMap::isClosed (5 bytes)
Event: 20.770 Thread 0x0000026d131aa800 nmethod 3770 0x0000026d00cb1110 code [0x0000026d00cb12c0, 0x0000026d00cb13f8]

GC Heap History (10 events):
Event: 14.905 GC heap before
{Heap before GC invocations=7 (full 0):
 garbage-first heap   total 65536K, used 44949K [0x00000000c1800000, 0x0000000100000000)
  region size 1024K, 36 young (36864K), 2 survivors (2048K)
 Metaspace       used 20309K, capacity 21202K, committed 21296K, reserved 1067008K
  class space    used 2817K, capacity 3178K, committed 3200K, reserved 1048576K
}
Event: 14.927 GC heap after
{Heap after GC invocations=8 (full 0):
 garbage-first heap   total 65536K, used 12288K [0x00000000c1800000, 0x0000000100000000)
  region size 1024K, 3 young (3072K), 3 survivors (3072K)
 Metaspace       used 20309K, capacity 21202K, committed 21296K, reserved 1067008K
  class space    used 2817K, capacity 3178K, committed 3200K, reserved 1048576K
}
Event: 17.784 GC heap before
{Heap before GC invocations=9 (full 0):
 garbage-first heap   total 65536K, used 46080K [0x00000000c1800000, 0x0000000100000000)
  region size 1024K, 36 young (36864K), 3 survivors (3072K)
 Metaspace       used 24272K, capacity 25429K, committed 25648K, reserved 1071104K
  class space    used 3426K, capacity 3880K, committed 3968K, reserved 1048576K
}
Event: 17.796 GC heap after
{Heap after GC invocations=10 (full 0):
 garbage-first heap   total 65536K, used 14639K [0x00000000c1800000, 0x0000000100000000)
  region size 1024K, 5 young (5120K), 5 survivors (5120K)
 Metaspace       used 24272K, capacity 25429K, committed 25648K, reserved 1071104K
  class space    used 3426K, capacity 3880K, committed 3968K, reserved 1048576K
}
Event: 18.145 GC heap before
{Heap before GC invocations=10 (full 0):
 garbage-first heap   total 65536K, used 46383K [0x00000000c1800000, 0x0000000100000000)
  region size 1024K, 37 young (37888K), 5 survivors (5120K)
 Metaspace       used 25728K, capacity 26857K, committed 27056K, reserved 1073152K
  class space    used 3559K, capacity 4014K, committed 4096K, reserved 1048576K
}
Event: 18.156 GC heap after
{Heap after GC invocations=11 (full 0):
 garbage-first heap   total 65536K, used 15384K [0x00000000c1800000, 0x0000000100000000)
  region size 1024K, 4 young (4096K), 4 survivors (4096K)
 Metaspace       used 25728K, capacity 26857K, committed 27056K, reserved 1073152K
  class space    used 3559K, capacity 4014K, committed 4096K, reserved 1048576K
}
Event: 18.977 GC heap before
{Heap before GC invocations=11 (full 0):
 garbage-first heap   total 65536K, used 48152K [0x00000000c1800000, 0x0000000100000000)
  region size 1024K, 37 young (37888K), 4 survivors (4096K)
 Metaspace       used 28766K, capacity 29964K, committed 30128K, reserved 1075200K
  class space    used 3848K, capacity 4324K, committed 4352K, reserved 1048576K
}
Event: 18.984 GC heap after
{Heap after GC invocations=12 (full 0):
 garbage-first heap   total 65536K, used 16534K [0x00000000c1800000, 0x0000000100000000)
  region size 1024K, 2 young (2048K), 2 survivors (2048K)
 Metaspace       used 28766K, capacity 29964K, committed 30128K, reserved 1075200K
  class space    used 3848K, capacity 4324K, committed 4352K, reserved 1048576K
}
Event: 20.941 GC heap before
{Heap before GC invocations=12 (full 0):
 garbage-first heap   total 65536K, used 37014K [0x00000000c1800000, 0x0000000100000000)
  region size 1024K, 21 young (21504K), 2 survivors (2048K)
 Metaspace       used 32218K, capacity 33387K, committed 33456K, reserved 1083392K
  class space    used 4320K, capacity 4823K, committed 4864K, reserved 1048576K
}
Event: 20.946 GC heap after
{Heap after GC invocations=13 (full 0):
 garbage-first heap   total 65536K, used 19450K [0x00000000c1800000, 0x0000000100000000)
  region size 1024K, 3 young (3072K), 3 survivors (3072K)
 Metaspace       used 32218K, capacity 33387K, committed 33456K, reserved 1083392K
  class space    used 4320K, capacity 4823K, committed 4864K, reserved 1048576K
}

Deoptimization events (0 events):
No events

Classes redefined (0 events):
No events

Internal exceptions (10 events):
Event: 18.405 Thread 0x0000026d7b846800 Implicit null exception at 0x0000026d00a9c68d to 0x0000026d00a9c9cf
Event: 18.405 Thread 0x0000026d7b846800 Exception <a 'java/lang/NullPointerException'{0x00000000c413aca0}> (0x00000000c413aca0) thrown at [c:/BuildAgent/work/5ff2f6c26000d570/src/hotspot/share/runtime/sharedRuntime.cpp, line 584]
Event: 18.405 Thread 0x0000026d7b846800 Implicit null exception at 0x0000026d00a9c68d to 0x0000026d00a9c9cf
Event: 18.405 Thread 0x0000026d7b846800 Exception <a 'java/lang/NullPointerException'{0x00000000c413bdf0}> (0x00000000c413bdf0) thrown at [c:/BuildAgent/work/5ff2f6c26000d570/src/hotspot/share/runtime/sharedRuntime.cpp, line 584]
Event: 18.405 Thread 0x0000026d7b846800 Implicit null exception at 0x0000026d00a9c68d to 0x0000026d00a9c9cf
Event: 18.405 Thread 0x0000026d7b846800 Exception <a 'java/lang/NullPointerException'{0x00000000c413cee0}> (0x00000000c413cee0) thrown at [c:/BuildAgent/work/5ff2f6c26000d570/src/hotspot/share/runtime/sharedRuntime.cpp, line 584]
Event: 18.405 Thread 0x0000026d7b846800 Implicit null exception at 0x0000026d00a9c68d to 0x0000026d00a9c9cf
Event: 18.405 Thread 0x0000026d7b846800 Exception <a 'java/lang/NullPointerException'{0x00000000c413dfd0}> (0x00000000c413dfd0) thrown at [c:/BuildAgent/work/5ff2f6c26000d570/src/hotspot/share/runtime/sharedRuntime.cpp, line 584]
Event: 18.992 Thread 0x0000026d7b846800 Exception <a 'java/lang/NoSuchMethodError'{0x00000000c577c7f8}: java.lang.invoke.DirectMethodHandle$Holder.invokeStaticInit(Ljava/lang/Object;Ljava/lang/Object;Ljava/lang/Object;Ljava/lang/Object;)Ljava/lang/Object;> (0x00000000c577c7f8) thrown at [c:/Bui
Event: 19.097 Thread 0x0000026d7b846800 Exception <a 'java/io/FileNotFoundException'{0x00000000c5478148}> (0x00000000c5478148) thrown at [c:/BuildAgent/work/5ff2f6c26000d570/src/hotspot/share/prims/jni.cpp, line 615]

Events (10 events):
Event: 20.931 loading class net/bytebuddy/implementation/bind/annotation/TargetMethodAnnotationDrivenBinder$ParameterBinder done
Event: 20.933 loading class net/bytebuddy/implementation/bind/annotation/Argument$Binder
Event: 20.933 loading class net/bytebuddy/implementation/bind/annotation/Argument$Binder done
Event: 20.934 loading class net/bytebuddy/implementation/bind/annotation/AllArguments$Binder
Event: 20.934 loading class net/bytebuddy/implementation/bind/annotation/AllArguments$Binder done
Event: 20.936 loading class net/bytebuddy/implementation/bind/annotation/Origin$Binder
Event: 20.936 loading class net/bytebuddy/implementation/bind/annotation/Origin$Binder done
Event: 20.938 loading class net/bytebuddy/implementation/bind/annotation/This$Binder
Event: 20.938 loading class net/bytebuddy/implementation/bind/annotation/This$Binder done
Event: 20.941 Executing VM operation: CollectForMetadataAllocation


Dynamic libraries:
0x00007ff728080000 - 0x00007ff7280c7000 	C:\Program Files\JetBrains\IntelliJ IDEA 2019.2.2\jbr\bin\java.exe
0x00007ffc792e0000 - 0x00007ffc794d0000 	C:\WINDOWS\SYSTEM32\ntdll.dll
0x00007ffc77390000 - 0x00007ffc77442000 	C:\WINDOWS\System32\KERNEL32.DLL
0x00007ffc76c10000 - 0x00007ffc76eb3000 	C:\WINDOWS\System32\KERNELBASE.dll
0x00007ffc78910000 - 0x00007ffc78aa4000 	C:\WINDOWS\System32\USER32.dll
0x00007ffc77290000 - 0x00007ffc772b1000 	C:\WINDOWS\System32\win32u.dll
0x00007ffc780e0000 - 0x00007ffc78106000 	C:\WINDOWS\System32\GDI32.dll
0x00007ffc762f0000 - 0x00007ffc76484000 	C:\WINDOWS\System32\gdi32full.dll
0x00007ffc772c0000 - 0x00007ffc7735e000 	C:\WINDOWS\System32\msvcp_win.dll
0x00007ffc770e0000 - 0x00007ffc771da000 	C:\WINDOWS\System32\ucrtbase.dll
0x00007ffc697a0000 - 0x00007ffc69a25000 	C:\WINDOWS\WinSxS\amd64_microsoft.windows.common-controls_6595b64144ccf1df_6.0.18362.418_none_e6c6b287130d565d\COMCTL32.dll
0x00007ffc77ab0000 - 0x00007ffc77b4e000 	C:\WINDOWS\System32\msvcrt.dll
0x00007ffc78450000 - 0x00007ffc78786000 	C:\WINDOWS\System32\combase.dll
0x00007ffc78790000 - 0x00007ffc788b0000 	C:\WINDOWS\System32\RPCRT4.dll
0x00007ffc76270000 - 0x00007ffc762f0000 	C:\WINDOWS\System32\bcryptPrimitives.dll
0x00007ffc78190000 - 0x00007ffc781be000 	C:\WINDOWS\System32\IMM32.DLL
0x00007ffc6f5a0000 - 0x00007ffc6f5b7000 	C:\Program Files\JetBrains\IntelliJ IDEA 2019.2.2\jbr\bin\vcruntime140.dll
0x00007ffc64d80000 - 0x00007ffc64e1d000 	C:\Program Files\JetBrains\IntelliJ IDEA 2019.2.2\jbr\bin\msvcp140.dll
0x00007ffc4e010000 - 0x00007ffc4eac7000 	C:\Program Files\JetBrains\IntelliJ IDEA 2019.2.2\jbr\bin\server\jvm.dll
0x00007ffc77f60000 - 0x00007ffc78003000 	C:\WINDOWS\System32\ADVAPI32.dll
0x00007ffc78ab0000 - 0x00007ffc78b47000 	C:\WINDOWS\System32\sechost.dll
0x00007ffc78010000 - 0x00007ffc78018000 	C:\WINDOWS\System32\PSAPI.DLL
0x00007ffc72ae0000 - 0x00007ffc72b04000 	C:\WINDOWS\SYSTEM32\WINMM.dll
0x00007ffc69b60000 - 0x00007ffc69b6a000 	C:\WINDOWS\SYSTEM32\VERSION.dll
0x00007ffc72bc0000 - 0x00007ffc72bc9000 	C:\WINDOWS\SYSTEM32\WSOCK32.dll
0x00007ffc77a40000 - 0x00007ffc77aaf000 	C:\WINDOWS\System32\WS2_32.dll
0x00007ffc72ab0000 - 0x00007ffc72add000 	C:\WINDOWS\SYSTEM32\WINMMBASE.dll
0x00007ffc77240000 - 0x00007ffc7728a000 	C:\WINDOWS\System32\cfgmgr32.dll
0x00007ffc76230000 - 0x00007ffc76241000 	C:\WINDOWS\System32\kernel.appcore.dll
0x00007ffc73fe0000 - 0x00007ffc73ff1000 	C:\Program Files\JetBrains\IntelliJ IDEA 2019.2.2\jbr\bin\verify.dll
0x00007ffc5af30000 - 0x00007ffc5b124000 	C:\WINDOWS\SYSTEM32\DBGHELP.DLL
0x00007ffc5ad50000 - 0x00007ffc5ad7a000 	C:\WINDOWS\SYSTEM32\dbgcore.DLL
0x00007ffc73f80000 - 0x00007ffc73fa9000 	C:\Program Files\JetBrains\IntelliJ IDEA 2019.2.2\jbr\bin\java.dll
0x00007ffc6f9f0000 - 0x00007ffc6fa24000 	C:\Program Files\JetBrains\IntelliJ IDEA 2019.2.2\jbr\bin\instrument.dll
0x00007ffc72bd0000 - 0x00007ffc72be7000 	C:\Program Files\JetBrains\IntelliJ IDEA 2019.2.2\jbr\bin\zip.dll
0x00007ffc74570000 - 0x00007ffc7457b000 	C:\Program Files\JetBrains\IntelliJ IDEA 2019.2.2\jbr\bin\jimage.dll
0x00007ffc78b50000 - 0x00007ffc79235000 	C:\WINDOWS\System32\SHELL32.dll
0x00007ffc77d70000 - 0x00007ffc77e19000 	C:\WINDOWS\System32\shcore.dll
0x00007ffc76490000 - 0x00007ffc76c0f000 	C:\WINDOWS\System32\windows.storage.dll
0x00007ffc76210000 - 0x00007ffc7622f000 	C:\WINDOWS\System32\profapi.dll
0x00007ffc761c0000 - 0x00007ffc7620a000 	C:\WINDOWS\System32\powrprof.dll
0x00007ffc761b0000 - 0x00007ffc761c0000 	C:\WINDOWS\System32\UMPDC.dll
0x00007ffc78320000 - 0x00007ffc78372000 	C:\WINDOWS\System32\shlwapi.dll
0x00007ffc76ec0000 - 0x00007ffc76ed7000 	C:\WINDOWS\System32\cryptsp.dll
0x00007ffc6fa80000 - 0x00007ffc6fa9a000 	C:\Program Files\JetBrains\IntelliJ IDEA 2019.2.2\jbr\bin\net.dll
0x00007ffc69a70000 - 0x00007ffc69b60000 	C:\WINDOWS\SYSTEM32\WINHTTP.dll
0x00007ffc61690000 - 0x00007ffc61866000 	C:\WINDOWS\SYSTEM32\urlmon.dll
0x00007ffc63d20000 - 0x00007ffc63fc6000 	C:\WINDOWS\SYSTEM32\iertutil.dll
0x00007ffc75bf0000 - 0x00007ffc75bfc000 	C:\WINDOWS\SYSTEM32\CRYPTBASE.DLL
0x00007ffc75a20000 - 0x00007ffc75a87000 	C:\WINDOWS\system32\mswsock.dll
0x00007ffc6fa60000 - 0x00007ffc6fa74000 	C:\Program Files\JetBrains\IntelliJ IDEA 2019.2.2\jbr\bin\nio.dll
0x00007ffc6f9d0000 - 0x00007ffc6f9ea000 	C:\Program Files\JetBrains\IntelliJ IDEA 2019.2.2\bin\breakgen64.dll
0x00007ffc75770000 - 0x00007ffc7583a000 	C:\WINDOWS\SYSTEM32\DNSAPI.dll
0x00007ffc780c0000 - 0x00007ffc780c8000 	C:\WINDOWS\System32\NSI.dll
0x00007ffc75730000 - 0x00007ffc7576a000 	C:\WINDOWS\SYSTEM32\IPHLPAPI.DLL
0x00007ffc68ae0000 - 0x00007ffc68aea000 	C:\Windows\System32\rasadhlp.dll
0x00007ffc69ef0000 - 0x00007ffc69f67000 	C:\WINDOWS\System32\fwpuclnt.dll
0x00007ffc77360000 - 0x00007ffc77386000 	C:\WINDOWS\System32\bcrypt.dll
0x00007ffc74220000 - 0x00007ffc7422a000 	C:\Program Files\JetBrains\IntelliJ IDEA 2019.2.2\jbr\bin\management.dll
0x00007ffc74080000 - 0x00007ffc7408c000 	C:\Program Files\JetBrains\IntelliJ IDEA 2019.2.2\jbr\bin\management_ext.dll
0x00007ffc75590000 - 0x00007ffc755c3000 	C:\WINDOWS\system32\rsaenh.dll
0x00007ffc760a0000 - 0x00007ffc760c5000 	C:\WINDOWS\SYSTEM32\USERENV.dll
0x00007ffc6a160000 - 0x00007ffc6a176000 	C:\WINDOWS\SYSTEM32\dhcpcsvc6.DLL
0x00007ffc6a100000 - 0x00007ffc6a11c000 	C:\WINDOWS\SYSTEM32\dhcpcsvc.DLL
0x00007ffc68f00000 - 0x00007ffc68f16000 	C:\WINDOWS\system32\napinsp.dll
0x00007ffc68e30000 - 0x00007ffc68e4a000 	C:\WINDOWS\system32\pnrpnsp.dll
0x00007ffc6e530000 - 0x00007ffc6e53e000 	C:\WINDOWS\System32\winrnr.dll
0x00007ffc72e10000 - 0x00007ffc72e2c000 	C:\WINDOWS\system32\NLAapi.dll
0x00007ffc713b0000 - 0x00007ffc713c5000 	C:\WINDOWS\system32\wshbth.dll

dbghelp: loaded successfully - version: 4.0.5 - missing functions: none
symbol engine: initialized successfully - sym options: 0x614 - pdb path: .;C:\Program Files\JetBrains\IntelliJ IDEA 2019.2.2\jbr\bin;C:\WINDOWS\SYSTEM32;C:\WINDOWS\WinSxS\amd64_microsoft.windows.common-controls_6595b64144ccf1df_6.0.18362.418_none_e6c6b287130d565d;C:\Program Files\JetBrains\IntelliJ IDEA 2019.2.2\jbr\bin\server;C:\Program Files\JetBrains\IntelliJ IDEA 2019.2.2\bin

VM Arguments:
jvm_args: -XX:TieredStopAtLevel=1 -Xverify:none -Dspring.output.ansi.enabled=always -Dcom.sun.management.jmxremote -Dspring.jmx.enabled=true -Dspring.liveBeansView.mbeanDomain -Dspring.application.admin.enabled=true -javaagent:C:\Program Files\JetBrains\IntelliJ IDEA 2019.2.2\lib\idea_rt.jar=57032:C:\Program Files\JetBrains\IntelliJ IDEA 2019.2.2\bin -Dfile.encoding=UTF-8 
java_command: com.example.demo.DemoApplication
java_class_path (initial): C:\Users\Никита\IdeaProjects\ProjectPracticeSpring\target\classes;C:\Users\Никита\.m2\repository\org\springframework\boot\spring-boot-starter-data-jdbc\2.2.0.RELEASE\spring-boot-starter-data-jdbc-2.2.0.RELEASE.jar;C:\Users\Никита\.m2\repository\org\springframework\boot\spring-boot-starter-jdbc\2.2.0.RELEASE\spring-boot-starter-jdbc-2.2.0.RELEASE.jar;C:\Users\Никита\.m2\repository\com\zaxxer\HikariCP\3.4.1\HikariCP-3.4.1.jar;C:\Users\Никита\.m2\repository\org\springframework\spring-jdbc\5.2.0.RELEASE\spring-jdbc-5.2.0.RELEASE.jar;C:\Users\Никита\.m2\repository\org\springframework\data\spring-data-jdbc\1.1.0.RELEASE\spring-data-jdbc-1.1.0.RELEASE.jar;C:\Users\Никита\.m2\repository\org\springframework\data\spring-data-relational\1.1.0.RELEASE\spring-data-relational-1.1.0.RELEASE.jar;C:\Users\Никита\.m2\repository\org\springframework\data\spring-data-commons\2.2.0.RELEASE\spring-data-commons-2.2.0.RELEASE.jar;C:\Users\Никита\.m2\repository\org\springframework\spring-tx\5.2.0.RELEASE\spring-tx-5.2.0.RELEASE.jar;C:\Users\Никита\.m2\repository\org\springframework\spring-context\5.2.0.RELEASE\spring-context-5.2.0.RELEASE.jar;C:\Users\Никита\.m2\repository\org\springframework\spring-beans\5.2.0.RELEASE\spring-beans-5.2.0.RELEASE.jar;C:\Users\Никита\.m2\repository\org\slf4j\slf4j-api\1.7.28\slf4j-api-1.7.28.jar;C:\Users\Никита\.m2\repository\org\springframework\boot\spring-boot-starter-data-jpa\2.2.0.RELEASE\spring-boot-starter-data-jpa-2.2.0.RELEASE.jar;C:\Users\Никита\.m2\repository\org\springframework\boot\spring-boot-starter-aop\2.2.0.RELEASE\spring-boot-starter-aop-2.2.0.RELEASE.jar;C:\Users\Никита\.m2\repository\org\springframework\spring-aop\5.2.0.RELEASE\spring-aop-5.2.0.RELEASE.jar;C:\Users\Никита\.m2\repository\org\aspectj\aspectjweaver\1.9.4\aspectjweaver-1.9.4.jar;C:\Users\Никита\.m2\repository\jakarta\activation\jakarta.activation-api\1.2.1\jakarta.activation-api-1.2.1.jar;C:\Users\Никита\.m2\repository\jakarta\persistence\jakarta.per
Launcher Type: SUN_STANDARD

[Global flags]
     bool BytecodeVerificationLocal                = false                                     {product} {command line}
     bool BytecodeVerificationRemote               = false                                     {product} {command line}
     intx CICompilerCount                          = 3                                         {product} {ergonomic}
     uint ConcGCThreads                            = 1                                         {product} {ergonomic}
     uint G1ConcRefinementThreads                  = 4                                         {product} {ergonomic}
   size_t G1HeapRegionSize                         = 1048576                                   {product} {ergonomic}
    uintx GCDrainStackTargetSize                   = 64                                        {product} {ergonomic}
   size_t InitialHeapSize                          = 67108864                                  {product} {ergonomic}
     bool ManagementServer                         = true                                      {product} {command line}
   size_t MarkStackSize                            = 4194304                                   {product} {ergonomic}
   size_t MaxHeapSize                              = 1048576000                                {product} {ergonomic}
   size_t MaxNewSize                               = 629145600                                 {product} {ergonomic}
   size_t MinHeapDeltaBytes                        = 1048576                                   {product} {ergonomic}
    uintx NonNMethodCodeHeapSize                   = 6973028                                {pd product} {ergonomic}
    uintx NonProfiledCodeHeapSize                  = 244685212                              {pd product} {ergonomic}
    uintx ProfiledCodeHeapSize                     = 0                                      {pd product} {ergonomic}
    uintx ReservedCodeCacheSize                    = 251658240                              {pd product} {ergonomic}
     bool SegmentedCodeCache                       = true                                      {product} {ergonomic}
     intx TieredStopAtLevel                        = 1                                         {product} {command line}
     bool UseCompressedClassPointers               = true                                 {lp64_product} {ergonomic}
     bool UseCompressedOops                        = true                                 {lp64_product} {ergonomic}
     bool UseG1GC                                  = true                                      {product} {ergonomic}
     bool UseLargePagesIndividualAllocation        = false                                  {pd product} {ergonomic}

Logging:
Log output configuration:
 #0: stdout all=warning uptime,level,tags
 #1: stderr all=off uptime,level,tags

Environment Variables:
PATH=C:\Program Files (x86)\Common Files\Oracle\Java\javapath;C:\Program Files (x86)\NVIDIA Corporation\PhysX\Common;C:\WINDOWS\system32;C:\WINDOWS;C:\WINDOWS\System32\Wbem;C:\WINDOWS\System32\WindowsPowerShell\v1.0\;C:\Program Files\dotnet\;C:\WINDOWS\System32\OpenSSH\;C:\Program Files\nodejs\;C:\Program Files\Git\cmd;C:\Users\Никита\AppData\Local\Microsoft\WindowsApps;C:\Users\Никита\AppData\Local\Programs\MiKTeX 2.9\miktex\bin\x64\;C:\Users\Никита\AppData\Roaming\npm;
USERNAME=Никита
OS=Windows_NT
PROCESSOR_IDENTIFIER=Intel64 Family 6 Model 142 Stepping 9, GenuineIntel



---------------  S Y S T E M  ---------------

OS: Windows 10 , 64 bit Build 18362 (10.0.18362.329)

CPU:total 4 (initial active 4) (2 cores per cpu, 2 threads per core) family 6 model 142 stepping 9, cmov, cx8, fxsr, mmx, sse, sse2, sse3, ssse3, sse4.1, sse4.2, popcnt, avx, avx2, aes, clmul, erms, 3dnowpref, lzcnt, ht, tsc, tscinvbit, bmi1, bmi2, adx, fma

Memory: 4k page, system-wide physical 3996M (291M free)
TotalPageFile size 6044M (AvailPageFile size 0M)
current process WorkingSet (physical memory assigned to process): 148M, peak: 148M
current process commit charge ("private bytes"): 180M, peak: 181M

vm_info: OpenJDK 64-Bit Server VM (11.0.3+12-b304.56) for windows-amd64 JRE (11.0.3+12-b304.56), built on Sep  3 2019 10:54:25 by "" with MS VC++ 14.0 (VS2015)

END.
