#
# There is insufficient memory for the Java Runtime Environment to continue.
# Native memory allocation (mmap) failed to map 13631488 bytes for Failed to commit area from 0x00000000c5800000 to 0x00000000c6500000 of length 13631488.
# Possible reasons:
#   The system is out of physical RAM or swap space
#   The process is running with CompressedOops enabled, and the Java Heap may be blocking the growth of the native heap
# Possible solutions:
#   Reduce memory load on the system
#   Increase physical memory or swap space
#   Check if swap backing store is full
#   Decrease Java heap size (-Xmx/-Xms)
#   Decrease number of Java threads
#   Decrease Java thread stack sizes (-Xss)
#   Set larger code cache with -XX:ReservedCodeCacheSize=
#   JVM is running with Unscaled Compressed Oops mode in which the Java heap is
#     placed in the first 4GB address space. The Java Heap base address is the
#     maximum limit for the native heap growth. Please use -XX:HeapBaseMinAddress
#     to set the Java Heap base and to place the Java Heap above 4GB virtual address.
# This output file may be truncated or incomplete.
#
#  Out of Memory Error (c:/BuildAgent/work/5ff2f6c26000d570/src/hotspot/os/windows/os_windows.cpp:3272), pid=4900, tid=2628
#
# JRE version: OpenJDK Runtime Environment (11.0.3+12) (build 11.0.3+12-b304.56)
# Java VM: OpenJDK 64-Bit Server VM (11.0.3+12-b304.56, mixed mode, sharing, tiered, compressed oops, g1 gc, windows-amd64)
# No core dump will be written. Minidumps are not enabled by default on client versions of Windows
#

---------------  S U M M A R Y ------------

Command Line: -XX:TieredStopAtLevel=1 -Xverify:none -Dspring.output.ansi.enabled=always -Dcom.sun.management.jmxremote -Dspring.jmx.enabled=true -Dspring.liveBeansView.mbeanDomain -Dspring.application.admin.enabled=true -javaagent:C:\Program Files\JetBrains\IntelliJ IDEA 2019.2.2\lib\idea_rt.jar=50875:C:\Program Files\JetBrains\IntelliJ IDEA 2019.2.2\bin -Dfile.encoding=UTF-8 com.example.demo.DemoApplication

Host: Intel(R) Core(TM) i5-7200U CPU @ 2.50GHz, 4 cores, 3G,  Windows 10 , 64 bit Build 18362 (10.0.18362.329)
Time: Tue Oct 22 10:17:00 2019 RTZ 2 (ceia) elapsed time: 11 seconds (0d 0h 0m 11s)

---------------  T H R E A D  ---------------

Current thread (0x000002c87b50c800):  VMThread "VM Thread" [stack: 0x000000d941400000,0x000000d941500000] [id=2628]

Stack: [0x000000d941400000,0x000000d941500000]
[error occurred during error reporting (printing stack bounds), id 0xc0000005, EXCEPTION_ACCESS_VIOLATION (0xc0000005) at pc=0x000002c867b70bad]

Native frames: (J=compiled Java code, j=interpreted, Vv=VM code, C=native code)
V  [jvm.dll+0x5da77a]
V  [jvm.dll+0x70b9c9]
V  [jvm.dll+0x70cee8]
V  [jvm.dll+0x70d515]
V  [jvm.dll+0x70d4cb]
V  [jvm.dll+0x5d9f08]
V  [jvm.dll+0x5da368]
C  [ntdll.dll+0xa11ff]
C  [ntdll.dll+0x6a289]
C  [ntdll.dll+0x9fe6e]
C  0x000002c867b70bad

VM_Operation (0x000000d940efcd60): G1CollectForAllocation, mode: safepoint, requested by thread 0x000002c863cd5800


---------------  P R O C E S S  ---------------

Threads class SMR info:
_java_thread_list=0x000002c87d963b00, length=13, elements={
0x000002c863cd5800, 0x000002c87b513000, 0x000002c87b515000, 0x000002c87b537800,
0x000002c87b538800, 0x000002c87b53a800, 0x000002c87b546800, 0x000002c87b505000,
0x000002c87c2a9800, 0x000002c87c2aa800, 0x000002c87c44e800, 0x000002c87c3bb000,
0x000002c87c510800
}

Java Threads: ( => current thread )
  0x000002c863cd5800 JavaThread "main" [_thread_blocked, id=9124, stack(0x000000d940e00000,0x000000d940f00000)]
  0x000002c87b513000 JavaThread "Reference Handler" daemon [_thread_blocked, id=4400, stack(0x000000d941500000,0x000000d941600000)]
  0x000002c87b515000 JavaThread "Finalizer" daemon [_thread_blocked, id=4456, stack(0x000000d941600000,0x000000d941700000)]
  0x000002c87b537800 JavaThread "Signal Dispatcher" daemon [_thread_blocked, id=5652, stack(0x000000d941700000,0x000000d941800000)]
  0x000002c87b538800 JavaThread "Attach Listener" daemon [_thread_blocked, id=5460, stack(0x000000d941800000,0x000000d941900000)]
  0x000002c87b53a800 JavaThread "C1 CompilerThread0" daemon [_thread_blocked, id=2896, stack(0x000000d941900000,0x000000d941a00000)]
  0x000002c87b546800 JavaThread "Sweeper thread" daemon [_thread_blocked, id=6624, stack(0x000000d941a00000,0x000000d941b00000)]
  0x000002c87b505000 JavaThread "Common-Cleaner" daemon [_thread_blocked, id=8464, stack(0x000000d941b00000,0x000000d941c00000)]
  0x000002c87c2a9800 JavaThread "Monitor Ctrl-Break" daemon [_thread_in_native, id=6436, stack(0x000000d941c00000,0x000000d941d00000)]
  0x000002c87c2aa800 JavaThread "Service Thread" daemon [_thread_blocked, id=4452, stack(0x000000d941d00000,0x000000d941e00000)]
  0x000002c87c44e800 JavaThread "RMI TCP Accept-0" daemon [_thread_in_native, id=7476, stack(0x000000d941e00000,0x000000d941f00000)]
  0x000002c87c3bb000 JavaThread "RMI TCP Connection(1)-172.31.4.77" daemon [_thread_blocked, id=5128, stack(0x000000d942200000,0x000000d942300000)]
  0x000002c87c510800 JavaThread "RMI Scheduler(0)" daemon [_thread_blocked, id=7984, stack(0x000000d942300000,0x000000d942400000)]

Other Threads:
=>0x000002c87b50c800 VMThread "VM Thread" [stack: 0x000000d941400000,0x000000d941500000] [id=2628]
  0x000002c87c456800 WatcherThread [stack: 0x000000d941f00000,0x000000d942000000] [id=7772]
  0x000002c863cee000 GCTaskThread "GC Thread#0" [stack: 0x000000d940f00000,0x000000d941000000] [id=9080]
  0x000002c87c37c000 GCTaskThread "GC Thread#1" [stack: 0x000000d942000000,0x000000d942100000] [id=4164]
  0x000002c87c911000 GCTaskThread "GC Thread#2" [stack: 0x000000d942500000,0x000000d942600000] [id=2544]
  0x000002c87c946000 GCTaskThread "GC Thread#3" [stack: 0x000000d942600000,0x000000d942700000] [id=1712]
  0x000002c863d08000 ConcurrentGCThread "G1 Main Marker" [stack: 0x000000d941000000,0x000000d941100000] [id=6504]
  0x000002c863d0a800 ConcurrentGCThread "G1 Conc#0" [stack: 0x000000d941100000,0x000000d941200000] [id=4872]
  0x000002c863d63000 ConcurrentGCThread "G1 Refine#0" [stack: 0x000000d941200000,0x000000d941300000] [id=988]
  0x000002c87bfd3800 ConcurrentGCThread "G1 Refine#1" [stack: 0x000000d942100000,0x000000d942200000] [id=6892]
  0x000002c863d64000 ConcurrentGCThread "G1 Young RemSet Sampling" [stack: 0x000000d941300000,0x000000d941400000] [id=2036]

Threads with active compile tasks:

VM state:at safepoint (normal execution)

VM Mutex/Monitor currently owned by a thread:  ([mutex/lock_event])
[0x000002c863cd1b80] Threads_lock - owner thread: 0x000002c87b50c800
[0x000002c863cd2e10] Heap_lock - owner thread: 0x000002c863cd5800

Heap address: 0x00000000c1800000, size: 1000 MB, Compressed Oops mode: 32-bit
Narrow klass base: 0x0000000800000000, Narrow klass shift: 3
Compressed class space size: 1073741824 Address: 0x0000000840000000

Heap:
 garbage-first heap   total 78848K, used 14917K [0x00000000c1800000, 0x0000000100000000)
  region size 1024K, 3 young (3072K), 3 survivors (3072K)
 Metaspace       used 25211K, capacity 26271K, committed 26416K, reserved 1071104K
  class space    used 3468K, capacity 3900K, committed 3968K, reserved 1048576K
Heap Regions: E=young(eden), S=young(survivor), O=old, HS=humongous(starts), HC=humongous(continues), CS=collection set, F=free, A=archive, TAMS=top-at-mark-start (previous, next)
|   0|0x00000000c1800000, 0x00000000c1900000, 0x00000000c1900000|100%|HS|  |TAMS 0x00000000c1900000, 0x00000000c1800000| Complete 
|   1|0x00000000c1900000, 0x00000000c1a00000, 0x00000000c1a00000|100%| O|  |TAMS 0x00000000c1a00000, 0x00000000c1900000| Untracked 
|   2|0x00000000c1a00000, 0x00000000c1b00000, 0x00000000c1b00000|100%| O|  |TAMS 0x00000000c1b00000, 0x00000000c1a00000| Untracked 
|   3|0x00000000c1b00000, 0x00000000c1c00000, 0x00000000c1c00000|100%| O|  |TAMS 0x00000000c1c00000, 0x00000000c1b00000| Untracked 
|   4|0x00000000c1c00000, 0x00000000c1d00000, 0x00000000c1d00000|100%| O|  |TAMS 0x00000000c1d00000, 0x00000000c1c00000| Untracked 
|   5|0x00000000c1d00000, 0x00000000c1e00000, 0x00000000c1e00000|100%| O|  |TAMS 0x00000000c1e00000, 0x00000000c1d00000| Untracked 
|   6|0x00000000c1e00000, 0x00000000c1f00000, 0x00000000c1f00000|100%| O|  |TAMS 0x00000000c1f00000, 0x00000000c1e00000| Untracked 
|   7|0x00000000c1f00000, 0x00000000c2000000, 0x00000000c2000000|100%| O|  |TAMS 0x00000000c2000000, 0x00000000c1f00000| Untracked 
|   8|0x00000000c2000000, 0x00000000c2100000, 0x00000000c2100000|100%| O|  |TAMS 0x00000000c203f600, 0x00000000c2000000| Untracked 
|   9|0x00000000c2100000, 0x00000000c2200000, 0x00000000c2200000|100%| O|  |TAMS 0x00000000c2100000, 0x00000000c2100000| Untracked 
|  10|0x00000000c2200000, 0x00000000c2300000, 0x00000000c2300000|100%| O|  |TAMS 0x00000000c2200000, 0x00000000c2200000| Untracked 
|  11|0x00000000c2300000, 0x00000000c2391400, 0x00000000c2400000| 56%| O|  |TAMS 0x00000000c2300000, 0x00000000c2300000| Untracked 
|  12|0x00000000c2400000, 0x00000000c2400000, 0x00000000c2500000|  0%| F|  |TAMS 0x00000000c2400000, 0x00000000c2400000| Untracked 
|  13|0x00000000c2500000, 0x00000000c2500000, 0x00000000c2600000|  0%| F|  |TAMS 0x00000000c2500000, 0x00000000c2500000| Untracked 
|  14|0x00000000c2600000, 0x00000000c2600000, 0x00000000c2700000|  0%| F|  |TAMS 0x00000000c2600000, 0x00000000c2600000| Untracked 
|  15|0x00000000c2700000, 0x00000000c2700000, 0x00000000c2800000|  0%| F|  |TAMS 0x00000000c2700000, 0x00000000c2700000| Untracked 
|  16|0x00000000c2800000, 0x00000000c2800000, 0x00000000c2900000|  0%| F|  |TAMS 0x00000000c2800000, 0x00000000c2800000| Untracked 
|  17|0x00000000c2900000, 0x00000000c2900000, 0x00000000c2a00000|  0%| F|  |TAMS 0x00000000c2900000, 0x00000000c2900000| Untracked 
|  18|0x00000000c2a00000, 0x00000000c2a00000, 0x00000000c2b00000|  0%| F|  |TAMS 0x00000000c2a00000, 0x00000000c2a00000| Untracked 
|  19|0x00000000c2b00000, 0x00000000c2b00000, 0x00000000c2c00000|  0%| F|  |TAMS 0x00000000c2b00000, 0x00000000c2b00000| Untracked 
|  20|0x00000000c2c00000, 0x00000000c2c00000, 0x00000000c2d00000|  0%| F|  |TAMS 0x00000000c2c00000, 0x00000000c2c00000| Untracked 
|  21|0x00000000c2d00000, 0x00000000c2d00000, 0x00000000c2e00000|  0%| F|  |TAMS 0x00000000c2d00000, 0x00000000c2d00000| Untracked 
|  22|0x00000000c2e00000, 0x00000000c2e00000, 0x00000000c2f00000|  0%| F|  |TAMS 0x00000000c2e00000, 0x00000000c2e00000| Untracked 
|  23|0x00000000c2f00000, 0x00000000c2f00000, 0x00000000c3000000|  0%| F|  |TAMS 0x00000000c2f00000, 0x00000000c2f00000| Untracked 
|  24|0x00000000c3000000, 0x00000000c3000000, 0x00000000c3100000|  0%| F|  |TAMS 0x00000000c3000000, 0x00000000c3000000| Untracked 
|  25|0x00000000c3100000, 0x00000000c3100000, 0x00000000c3200000|  0%| F|  |TAMS 0x00000000c3100000, 0x00000000c3100000| Untracked 
|  26|0x00000000c3200000, 0x00000000c3300000, 0x00000000c3300000|100%| S|CS|TAMS 0x00000000c3200000, 0x00000000c3200000| Complete 
|  27|0x00000000c3300000, 0x00000000c3400000, 0x00000000c3400000|100%| S|CS|TAMS 0x00000000c3300000, 0x00000000c3300000| Complete 
|  28|0x00000000c3400000, 0x00000000c3500000, 0x00000000c3500000|100%| S|CS|TAMS 0x00000000c3400000, 0x00000000c3400000| Complete 
|  29|0x00000000c3500000, 0x00000000c3500000, 0x00000000c3600000|  0%| F|  |TAMS 0x00000000c3500000, 0x00000000c3500000| Untracked 
|  30|0x00000000c3600000, 0x00000000c3600000, 0x00000000c3700000|  0%| F|  |TAMS 0x00000000c3600000, 0x00000000c3600000| Untracked 
|  31|0x00000000c3700000, 0x00000000c3700000, 0x00000000c3800000|  0%| F|  |TAMS 0x00000000c3700000, 0x00000000c3700000| Untracked 
|  32|0x00000000c3800000, 0x00000000c3800000, 0x00000000c3900000|  0%| F|  |TAMS 0x00000000c3800000, 0x00000000c3800000| Untracked 
|  33|0x00000000c3900000, 0x00000000c3900000, 0x00000000c3a00000|  0%| F|  |TAMS 0x00000000c3900000, 0x00000000c3900000| Untracked 
|  34|0x00000000c3a00000, 0x00000000c3a00000, 0x00000000c3b00000|  0%| F|  |TAMS 0x00000000c3a00000, 0x00000000c3a00000| Untracked 
|  35|0x00000000c3b00000, 0x00000000c3b00000, 0x00000000c3c00000|  0%| F|  |TAMS 0x00000000c3b00000, 0x00000000c3b00000| Untracked 
|  36|0x00000000c3c00000, 0x00000000c3c00000, 0x00000000c3d00000|  0%| F|  |TAMS 0x00000000c3c00000, 0x00000000c3c00000| Untracked 
|  37|0x00000000c3d00000, 0x00000000c3d00000, 0x00000000c3e00000|  0%| F|  |TAMS 0x00000000c3d00000, 0x00000000c3d00000| Untracked 
|  38|0x00000000c3e00000, 0x00000000c3e00000, 0x00000000c3f00000|  0%| F|  |TAMS 0x00000000c3e00000, 0x00000000c3e00000| Untracked 
|  39|0x00000000c3f00000, 0x00000000c3f00000, 0x00000000c4000000|  0%| F|  |TAMS 0x00000000c3f00000, 0x00000000c3f00000| Untracked 
|  40|0x00000000c4000000, 0x00000000c4000000, 0x00000000c4100000|  0%| F|  |TAMS 0x00000000c4000000, 0x00000000c4000000| Untracked 
|  41|0x00000000c4100000, 0x00000000c4100000, 0x00000000c4200000|  0%| F|  |TAMS 0x00000000c4100000, 0x00000000c4100000| Untracked 
|  42|0x00000000c4200000, 0x00000000c4200000, 0x00000000c4300000|  0%| F|  |TAMS 0x00000000c4200000, 0x00000000c4200000| Untracked 
|  43|0x00000000c4300000, 0x00000000c4300000, 0x00000000c4400000|  0%| F|  |TAMS 0x00000000c4300000, 0x00000000c4300000| Untracked 
|  44|0x00000000c4400000, 0x00000000c4400000, 0x00000000c4500000|  0%| F|  |TAMS 0x00000000c4400000, 0x00000000c4400000| Untracked 
|  45|0x00000000c4500000, 0x00000000c4500000, 0x00000000c4600000|  0%| F|  |TAMS 0x00000000c4500000, 0x00000000c4500000| Untracked 
|  46|0x00000000c4600000, 0x00000000c4600000, 0x00000000c4700000|  0%| F|  |TAMS 0x00000000c4600000, 0x00000000c4600000| Untracked 
|  47|0x00000000c4700000, 0x00000000c4700000, 0x00000000c4800000|  0%| F|  |TAMS 0x00000000c4700000, 0x00000000c4700000| Untracked 
|  48|0x00000000c4800000, 0x00000000c4800000, 0x00000000c4900000|  0%| F|  |TAMS 0x00000000c4800000, 0x00000000c4800000| Untracked 
|  49|0x00000000c4900000, 0x00000000c4900000, 0x00000000c4a00000|  0%| F|  |TAMS 0x00000000c4900000, 0x00000000c4900000| Untracked 
|  50|0x00000000c4a00000, 0x00000000c4a00000, 0x00000000c4b00000|  0%| F|  |TAMS 0x00000000c4a00000, 0x00000000c4a00000| Untracked 
|  51|0x00000000c4b00000, 0x00000000c4b00000, 0x00000000c4c00000|  0%| F|  |TAMS 0x00000000c4b00000, 0x00000000c4b00000| Untracked 
|  52|0x00000000c4c00000, 0x00000000c4c00000, 0x00000000c4d00000|  0%| F|  |TAMS 0x00000000c4c00000, 0x00000000c4c00000| Untracked 
|  53|0x00000000c4d00000, 0x00000000c4d00000, 0x00000000c4e00000|  0%| F|  |TAMS 0x00000000c4d00000, 0x00000000c4d00000| Untracked 
|  54|0x00000000c4e00000, 0x00000000c4e00000, 0x00000000c4f00000|  0%| F|  |TAMS 0x00000000c4e00000, 0x00000000c4e00000| Untracked 
|  55|0x00000000c4f00000, 0x00000000c4f00000, 0x00000000c5000000|  0%| F|  |TAMS 0x00000000c4f00000, 0x00000000c4f00000| Untracked 
|  56|0x00000000c5000000, 0x00000000c5000000, 0x00000000c5100000|  0%| F|  |TAMS 0x00000000c5000000, 0x00000000c5000000| Untracked 
|  57|0x00000000c5100000, 0x00000000c5100000, 0x00000000c5200000|  0%| F|  |TAMS 0x00000000c5100000, 0x00000000c5100000| Untracked 
|  58|0x00000000c5200000, 0x00000000c5200000, 0x00000000c5300000|  0%| F|  |TAMS 0x00000000c5200000, 0x00000000c5200000| Untracked 
|  59|0x00000000c5300000, 0x00000000c5300000, 0x00000000c5400000|  0%| F|  |TAMS 0x00000000c5300000, 0x00000000c5300000| Untracked 
|  60|0x00000000c5400000, 0x00000000c5400000, 0x00000000c5500000|  0%| F|  |TAMS 0x00000000c5400000, 0x00000000c5400000| Untracked 
|  61|0x00000000c5500000, 0x00000000c5500000, 0x00000000c5600000|  0%| F|  |TAMS 0x00000000c5500000, 0x00000000c5500000| Untracked 
|  62|0x00000000c5600000, 0x00000000c5600000, 0x00000000c5700000|  0%| F|  |TAMS 0x00000000c5600000, 0x00000000c5600000| Untracked 
|  63|0x00000000c5700000, 0x00000000c5700000, 0x00000000c5800000|  0%| F|  |TAMS 0x00000000c5700000, 0x00000000c5700000| Untracked 

Card table byte_map: [0x000002c876d70000,0x000002c876f70000] _byte_map_base: 0x000002c876764000

Marking Bits (Prev, Next): (CMBitMap*) 0x000002c863d03570, (CMBitMap*) 0x000002c863d03538
 Prev Bits: [0x000002c878110000, 0x000002c8790b0000)
 Next Bits: [0x000002c877170000, 0x000002c878110000)

Polling page: 0x000002c8633b0000

Metaspace:

Usage:
  Non-class:     21.85 MB capacity,    21.23 MB ( 97%) used,   512.67 KB (  2%) free+waste,   115.69 KB ( <1%) overhead. 
      Class:      3.81 MB capacity,     3.39 MB ( 89%) used,   371.09 KB ( 10%) free+waste,    60.19 KB (  2%) overhead. 
       Both:     25.66 MB capacity,    24.62 MB ( 96%) used,   883.77 KB (  3%) free+waste,   175.88 KB ( <1%) overhead. 

Virtual space:
  Non-class space:       22.00 MB reserved,      21.92 MB (>99%) committed 
      Class space:        1.00 GB reserved,       3.88 MB ( <1%) committed 
             Both:        1.02 GB reserved,      25.80 MB (  2%) committed 

Chunk freelists:
   Non-Class:  13.00 KB
       Class:  4.00 KB
        Both:  17.00 KB

CodeHeap 'non-profiled nmethods': size=238912Kb used=5596Kb max_used=5596Kb free=233315Kb
 bounds [0x000002c868220000, 0x000002c8687a0000, 0x000002c876b70000]
CodeHeap 'non-nmethods': size=6848Kb used=1188Kb max_used=1188Kb free=5659Kb
 bounds [0x000002c867b70000, 0x000002c867de0000, 0x000002c868220000]
 total_blobs=3980 nmethods=3426 adapters=447
 compilation: enabled
              stopped_count=0, restarted_count=0
 full_count=0

Compilation events (10 events):
Event: 11.586 Thread 0x000002c87b53a800 3440       1       java.lang.Math::min (46 bytes)
Event: 11.586 Thread 0x000002c87b53a800 nmethod 3440 0x000002c868794f10 code [0x000002c8687950c0, 0x000002c868795278]
Event: 11.586 Thread 0x000002c87b53a800 3439       1       java.util.zip.CRC32::updateBytesCheck (55 bytes)
Event: 11.587 Thread 0x000002c87b53a800 nmethod 3439 0x000002c868795310 code [0x000002c868795500, 0x000002c8687957f0]
Event: 11.587 Thread 0x000002c87b53a800 3441       1       java.util.Hashtable::<init> (114 bytes)
Event: 11.588 Thread 0x000002c87b53a800 nmethod 3441 0x000002c868795990 code [0x000002c868795c40, 0x000002c868796620]
Event: 11.588 Thread 0x000002c87b53a800 3442       1       java.util.zip.ZipUtils::get32 (23 bytes)
Event: 11.588 Thread 0x000002c87b53a800 nmethod 3442 0x000002c868796a10 code [0x000002c868796bc0, 0x000002c868796d98]
Event: 11.588 Thread 0x000002c87b53a800 3438       1       java.util.zip.CRC32::updateBytes (14 bytes)
Event: 11.588 Thread 0x000002c87b53a800 nmethod 3438 0x000002c868796e90 code [0x000002c868797040, 0x000002c868797190]

GC Heap History (10 events):
Event: 6.481 GC heap after
{Heap after GC invocations=5 (full 0):
 garbage-first heap   total 65536K, used 10521K [0x00000000c1800000, 0x0000000100000000)
  region size 1024K, 3 young (3072K), 3 survivors (3072K)
 Metaspace       used 16478K, capacity 17282K, committed 17536K, reserved 1064960K
  class space    used 2281K, capacity 2582K, committed 2688K, reserved 1048576K
}
Event: 6.495 GC heap before
{Heap before GC invocations=5 (full 0):
 garbage-first heap   total 65536K, used 36121K [0x00000000c1800000, 0x0000000100000000)
  region size 1024K, 29 young (29696K), 3 survivors (3072K)
 Metaspace       used 16509K, capacity 17314K, committed 17536K, reserved 1064960K
  class space    used 2288K, capacity 2614K, committed 2688K, reserved 1048576K
}
Event: 6.499 GC heap after
{Heap after GC invocations=6 (full 0):
 garbage-first heap   total 65536K, used 10626K [0x00000000c1800000, 0x0000000100000000)
  region size 1024K, 3 young (3072K), 3 survivors (3072K)
 Metaspace       used 16509K, capacity 17314K, committed 17536K, reserved 1064960K
  class space    used 2288K, capacity 2614K, committed 2688K, reserved 1048576K
}
Event: 7.446 GC heap before
{Heap before GC invocations=6 (full 0):
 garbage-first heap   total 65536K, used 37250K [0x00000000c1800000, 0x0000000100000000)
  region size 1024K, 30 young (30720K), 3 survivors (3072K)
 Metaspace       used 18474K, capacity 19279K, committed 19584K, reserved 1067008K
  class space    used 2543K, capacity 2865K, committed 2944K, reserved 1048576K
}
Event: 7.450 GC heap after
{Heap after GC invocations=7 (full 0):
 garbage-first heap   total 65536K, used 11181K [0x00000000c1800000, 0x0000000100000000)
  region size 1024K, 3 young (3072K), 3 survivors (3072K)
 Metaspace       used 18474K, capacity 19279K, committed 19584K, reserved 1067008K
  class space    used 2543K, capacity 2865K, committed 2944K, reserved 1048576K
}
Event: 8.697 GC heap before
{Heap before GC invocations=7 (full 0):
 garbage-first heap   total 65536K, used 41901K [0x00000000c1800000, 0x0000000100000000)
  region size 1024K, 34 young (34816K), 3 survivors (3072K)
 Metaspace       used 20330K, capacity 21172K, committed 21296K, reserved 1067008K
  class space    used 2810K, capacity 3170K, committed 3200K, reserved 1048576K
}
Event: 8.708 GC heap after
{Heap after GC invocations=8 (full 0):
 garbage-first heap   total 65536K, used 12219K [0x00000000c1800000, 0x0000000100000000)
  region size 1024K, 4 young (4096K), 4 survivors (4096K)
 Metaspace       used 20330K, capacity 21172K, committed 21296K, reserved 1067008K
  class space    used 2810K, capacity 3170K, committed 3200K, reserved 1048576K
}
Event: 10.271 GC heap before
{Heap before GC invocations=9 (full 0):
 garbage-first heap   total 65536K, used 43963K [0x00000000c1800000, 0x0000000100000000)
  region size 1024K, 35 young (35840K), 4 survivors (4096K)
 Metaspace       used 23925K, capacity 24964K, committed 25264K, reserved 1071104K
  class space    used 3349K, capacity 3790K, committed 3840K, reserved 1048576K
}
Event: 10.296 GC heap after
{Heap after GC invocations=10 (full 0):
 garbage-first heap   total 65536K, used 14122K [0x00000000c1800000, 0x0000000100000000)
  region size 1024K, 4 young (4096K), 4 survivors (4096K)
 Metaspace       used 23925K, capacity 24964K, committed 25264K, reserved 1071104K
  class space    used 3349K, capacity 3790K, committed 3840K, reserved 1048576K
}
Event: 11.596 GC heap before
{Heap before GC invocations=10 (full 0):
 garbage-first heap   total 65536K, used 45866K [0x00000000c1800000, 0x0000000100000000)
  region size 1024K, 36 young (36864K), 4 survivors (4096K)
 Metaspace       used 25211K, capacity 26271K, committed 26416K, reserved 1071104K
  class space    used 3468K, capacity 3900K, committed 3968K, reserved 1048576K
}

Deoptimization events (0 events):
No events

Classes redefined (0 events):
No events

Internal exceptions (10 events):
Event: 9.370 Thread 0x000002c863cd5800 Exception <a 'java/lang/ClassNotFoundException'{0x00000000c45cb170}: org/springframework/beans/factory/AwareCustomizer> (0x00000000c45cb170) thrown at [c:/BuildAgent/work/5ff2f6c26000d570/src/hotspot/share/classfile/systemDictionary.cpp, line 231]
Event: 9.499 Thread 0x000002c87c3bb000 Exception <a 'java/lang/reflect/InvocationTargetException'{0x00000000c43bf0a8}> (0x00000000c43bf0a8) thrown at [c:/BuildAgent/work/5ff2f6c26000d570/src/hotspot/share/runtime/reflection.cpp, line 1242]
Event: 9.772 Thread 0x000002c863cd5800 Exception <a 'java/lang/NoSuchMethodError'{0x00000000c42f7d98}: java.lang.invoke.DirectMethodHandle$Holder.invokeSpecial(Ljava/lang/Object;Ljava/lang/Object;Ljava/lang/Object;Ljava/lang/Object;Ljava/lang/Object;)I> (0x00000000c42f7d98) thrown at [c:/Build
Event: 9.973 Thread 0x000002c863cd5800 Exception <a 'java/lang/NoSuchMethodError'{0x00000000c3fe87f8}: java.lang.invoke.DirectMethodHandle$Holder.invokeInterface(Ljava/lang/Object;Ljava/lang/Object;I)V> (0x00000000c3fe87f8) thrown at [c:/BuildAgent/work/5ff2f6c26000d570/src/hotspot/share/inter
Event: 9.977 Thread 0x000002c863cd5800 Exception <a 'java/lang/NoSuchMethodError'{0x00000000c3e2cb10}: java.lang.invoke.DirectMethodHandle$Holder.invokeStatic(Ljava/lang/Object;ILjava/lang/Object;)V> (0x00000000c3e2cb10) thrown at [c:/BuildAgent/work/5ff2f6c26000d570/src/hotspot/share/interpre
Event: 9.979 Thread 0x000002c863cd5800 Exception <a 'java/lang/NoSuchMethodError'{0x00000000c3e4f638}: java.lang.invoke.DirectMethodHandle$Holder.invokeVirtual(Ljava/lang/Object;Ljava/lang/Object;)I> (0x00000000c3e4f638) thrown at [c:/BuildAgent/work/5ff2f6c26000d570/src/hotspot/share/interpre
Event: 9.979 Thread 0x000002c863cd5800 Exception <a 'java/lang/NoSuchMethodError'{0x00000000c3e590c8}: java.lang.invoke.DirectMethodHandle$Holder.invokeSpecialIFC(Ljava/lang/Object;Ljava/lang/Object;Ljava/lang/Object;Ljava/lang/Object;)I> (0x00000000c3e590c8) thrown at [c:/BuildAgent/work/5ff2
Event: 10.011 Thread 0x000002c87c3bb000 Exception <a 'java/lang/reflect/InvocationTargetException'{0x00000000c3c03e60}> (0x00000000c3c03e60) thrown at [c:/BuildAgent/work/5ff2f6c26000d570/src/hotspot/share/runtime/reflection.cpp, line 1242]
Event: 10.537 Thread 0x000002c87c3bb000 Exception <a 'java/lang/reflect/InvocationTargetException'{0x00000000c57c3890}> (0x00000000c57c3890) thrown at [c:/BuildAgent/work/5ff2f6c26000d570/src/hotspot/share/runtime/reflection.cpp, line 1242]
Event: 11.079 Thread 0x000002c87c3bb000 Exception <a 'java/lang/reflect/InvocationTargetException'{0x00000000c55cb730}> (0x00000000c55cb730) thrown at [c:/BuildAgent/work/5ff2f6c26000d570/src/hotspot/share/runtime/reflection.cpp, line 1242]

Events (10 events):
Event: 11.579 loading class java/util/jar/JarInputStream done
Event: 11.579 loading class java/io/PushbackInputStream
Event: 11.579 loading class java/io/PushbackInputStream done
Event: 11.579 loading class sun/security/util/ManifestEntryVerifier
Event: 11.580 loading class sun/security/util/ManifestEntryVerifier done
Event: 11.580 loading class org/apache/catalina/util/ManifestResource
Event: 11.580 loading class org/apache/catalina/util/ManifestResource done
Event: 11.580 loading class org/apache/catalina/util/Extension
Event: 11.580 loading class org/apache/catalina/util/Extension done
Event: 11.595 Executing VM operation: G1CollectForAllocation


Dynamic libraries:
0x00007ff6fa160000 - 0x00007ff6fa1a7000 	C:\Program Files\JetBrains\IntelliJ IDEA 2019.2.2\jbr\bin\java.exe
0x00007ffb1ef80000 - 0x00007ffb1f170000 	C:\WINDOWS\SYSTEM32\ntdll.dll
0x00007ffb1ea00000 - 0x00007ffb1eab2000 	C:\WINDOWS\System32\KERNEL32.DLL
0x00007ffb1c2d0000 - 0x00007ffb1c573000 	C:\WINDOWS\System32\KERNELBASE.dll
0x00007ffb1e860000 - 0x00007ffb1e9f4000 	C:\WINDOWS\System32\USER32.dll
0x00007ffb1c100000 - 0x00007ffb1c121000 	C:\WINDOWS\System32\win32u.dll
0x00007ffb1ee10000 - 0x00007ffb1ee36000 	C:\WINDOWS\System32\GDI32.dll
0x00007ffb1ce60000 - 0x00007ffb1cff4000 	C:\WINDOWS\System32\gdi32full.dll
0x00007ffb1c180000 - 0x00007ffb1c21e000 	C:\WINDOWS\System32\msvcp_win.dll
0x00007ffb1cd00000 - 0x00007ffb1cdfa000 	C:\WINDOWS\System32\ucrtbase.dll
0x00007ffb0dea0000 - 0x00007ffb0e125000 	C:\WINDOWS\WinSxS\amd64_microsoft.windows.common-controls_6595b64144ccf1df_6.0.18362.418_none_e6c6b287130d565d\COMCTL32.dll
0x00007ffb1ee40000 - 0x00007ffb1eede000 	C:\WINDOWS\System32\msvcrt.dll
0x00007ffb1d920000 - 0x00007ffb1dc56000 	C:\WINDOWS\System32\combase.dll
0x00007ffb1d540000 - 0x00007ffb1d660000 	C:\WINDOWS\System32\RPCRT4.dll
0x00007ffb1c080000 - 0x00007ffb1c100000 	C:\WINDOWS\System32\bcryptPrimitives.dll
0x00007ffb1d170000 - 0x00007ffb1d19e000 	C:\WINDOWS\System32\IMM32.DLL
0x00007ffb15a80000 - 0x00007ffb15a97000 	C:\Program Files\JetBrains\IntelliJ IDEA 2019.2.2\jbr\bin\vcruntime140.dll
0x00007ffb0cf20000 - 0x00007ffb0cfbd000 	C:\Program Files\JetBrains\IntelliJ IDEA 2019.2.2\jbr\bin\msvcp140.dll
0x00007ffae3650000 - 0x00007ffae4107000 	C:\Program Files\JetBrains\IntelliJ IDEA 2019.2.2\jbr\bin\server\jvm.dll
0x00007ffb1eac0000 - 0x00007ffb1eb63000 	C:\WINDOWS\System32\ADVAPI32.dll
0x00007ffb1ec20000 - 0x00007ffb1ecb7000 	C:\WINDOWS\System32\sechost.dll
0x00007ffb1e850000 - 0x00007ffb1e858000 	C:\WINDOWS\System32\PSAPI.DLL
0x00007ffb187e0000 - 0x00007ffb187e9000 	C:\WINDOWS\SYSTEM32\WSOCK32.dll
0x00007ffb19790000 - 0x00007ffb197b4000 	C:\WINDOWS\SYSTEM32\WINMM.dll
0x00007ffb0fb50000 - 0x00007ffb0fb5a000 	C:\WINDOWS\SYSTEM32\VERSION.dll
0x00007ffb1ecc0000 - 0x00007ffb1ed2f000 	C:\WINDOWS\System32\WS2_32.dll
0x00007ffb19760000 - 0x00007ffb1978d000 	C:\WINDOWS\SYSTEM32\WINMMBASE.dll
0x00007ffb1c130000 - 0x00007ffb1c17a000 	C:\WINDOWS\System32\cfgmgr32.dll
0x00007ffb1be60000 - 0x00007ffb1be71000 	C:\WINDOWS\System32\kernel.appcore.dll
0x00007ffb10df0000 - 0x00007ffb10e01000 	C:\Program Files\JetBrains\IntelliJ IDEA 2019.2.2\jbr\bin\verify.dll
0x00007ffb04e90000 - 0x00007ffb05084000 	C:\WINDOWS\SYSTEM32\DBGHELP.DLL
0x00007ffb04e30000 - 0x00007ffb04e5a000 	C:\WINDOWS\SYSTEM32\dbgcore.DLL
0x00007ffb10dc0000 - 0x00007ffb10de9000 	C:\Program Files\JetBrains\IntelliJ IDEA 2019.2.2\jbr\bin\java.dll
0x00007ffb18760000 - 0x00007ffb18794000 	C:\Program Files\JetBrains\IntelliJ IDEA 2019.2.2\jbr\bin\instrument.dll
0x00007ffb10d10000 - 0x00007ffb10d27000 	C:\Program Files\JetBrains\IntelliJ IDEA 2019.2.2\jbr\bin\zip.dll
0x00007ffb186e0000 - 0x00007ffb186eb000 	C:\Program Files\JetBrains\IntelliJ IDEA 2019.2.2\jbr\bin\jimage.dll
0x00007ffb1dc70000 - 0x00007ffb1e355000 	C:\WINDOWS\System32\SHELL32.dll
0x00007ffb1eb70000 - 0x00007ffb1ec19000 	C:\WINDOWS\System32\shcore.dll
0x00007ffb1c580000 - 0x00007ffb1ccff000 	C:\WINDOWS\System32\windows.storage.dll
0x00007ffb1bed0000 - 0x00007ffb1beef000 	C:\WINDOWS\System32\profapi.dll
0x00007ffb1be80000 - 0x00007ffb1beca000 	C:\WINDOWS\System32\powrprof.dll
0x00007ffb1be50000 - 0x00007ffb1be60000 	C:\WINDOWS\System32\UMPDC.dll
0x00007ffb1d290000 - 0x00007ffb1d2e2000 	C:\WINDOWS\System32\shlwapi.dll
0x00007ffb1c060000 - 0x00007ffb1c077000 	C:\WINDOWS\System32\cryptsp.dll
0x00007ffb0db80000 - 0x00007ffb0db9a000 	C:\Program Files\JetBrains\IntelliJ IDEA 2019.2.2\jbr\bin\net.dll
0x00007ffb0e850000 - 0x00007ffb0e940000 	C:\WINDOWS\SYSTEM32\WINHTTP.dll
0x00007ffb09f40000 - 0x00007ffb0a116000 	C:\WINDOWS\SYSTEM32\urlmon.dll
0x00007ffb0a240000 - 0x00007ffb0a4e6000 	C:\WINDOWS\SYSTEM32\iertutil.dll
0x00007ffb1b890000 - 0x00007ffb1b89c000 	C:\WINDOWS\SYSTEM32\CRYPTBASE.DLL
0x00007ffb1b6c0000 - 0x00007ffb1b727000 	C:\WINDOWS\system32\mswsock.dll
0x00007ffb0db60000 - 0x00007ffb0db74000 	C:\Program Files\JetBrains\IntelliJ IDEA 2019.2.2\jbr\bin\nio.dll
0x00007ffb18740000 - 0x00007ffb1875a000 	C:\Program Files\JetBrains\IntelliJ IDEA 2019.2.2\bin\breakgen64.dll
0x00007ffb1b410000 - 0x00007ffb1b4da000 	C:\WINDOWS\SYSTEM32\DNSAPI.dll
0x00007ffb1ee00000 - 0x00007ffb1ee08000 	C:\WINDOWS\System32\NSI.dll
0x00007ffb1b3d0000 - 0x00007ffb1b40a000 	C:\WINDOWS\SYSTEM32\IPHLPAPI.DLL
0x00007ffb0ccd0000 - 0x00007ffb0ccda000 	C:\Windows\System32\rasadhlp.dll
0x00007ffb0f5f0000 - 0x00007ffb0f667000 	C:\WINDOWS\System32\fwpuclnt.dll
0x00007ffb1d000000 - 0x00007ffb1d026000 	C:\WINDOWS\System32\bcrypt.dll
0x00007ffb10e80000 - 0x00007ffb10e8a000 	C:\Program Files\JetBrains\IntelliJ IDEA 2019.2.2\jbr\bin\management.dll
0x00007ffb10d00000 - 0x00007ffb10d0c000 	C:\Program Files\JetBrains\IntelliJ IDEA 2019.2.2\jbr\bin\management_ext.dll
0x00007ffb1b230000 - 0x00007ffb1b263000 	C:\WINDOWS\system32\rsaenh.dll
0x00007ffb1bd40000 - 0x00007ffb1bd65000 	C:\WINDOWS\SYSTEM32\USERENV.dll
0x00007ffb0f850000 - 0x00007ffb0f866000 	C:\WINDOWS\SYSTEM32\dhcpcsvc6.DLL
0x00007ffb0f940000 - 0x00007ffb0f95c000 	C:\WINDOWS\SYSTEM32\dhcpcsvc.DLL
0x00007ffb0d5e0000 - 0x00007ffb0d5f6000 	C:\WINDOWS\system32\napinsp.dll
0x00007ffb0d340000 - 0x00007ffb0d35a000 	C:\WINDOWS\system32\pnrpnsp.dll
0x00007ffb0d5d0000 - 0x00007ffb0d5de000 	C:\WINDOWS\System32\winrnr.dll
0x00007ffb18690000 - 0x00007ffb186ac000 	C:\WINDOWS\system32\NLAapi.dll
0x00007ffb16100000 - 0x00007ffb16115000 	C:\WINDOWS\system32\wshbth.dll

dbghelp: loaded successfully - version: 4.0.5 - missing functions: none
symbol engine: initialized successfully - sym options: 0x614 - pdb path: .;C:\Program Files\JetBrains\IntelliJ IDEA 2019.2.2\jbr\bin;C:\WINDOWS\SYSTEM32;C:\WINDOWS\WinSxS\amd64_microsoft.windows.common-controls_6595b64144ccf1df_6.0.18362.418_none_e6c6b287130d565d;C:\Program Files\JetBrains\IntelliJ IDEA 2019.2.2\jbr\bin\server;C:\Program Files\JetBrains\IntelliJ IDEA 2019.2.2\bin

VM Arguments:
jvm_args: -XX:TieredStopAtLevel=1 -Xverify:none -Dspring.output.ansi.enabled=always -Dcom.sun.management.jmxremote -Dspring.jmx.enabled=true -Dspring.liveBeansView.mbeanDomain -Dspring.application.admin.enabled=true -javaagent:C:\Program Files\JetBrains\IntelliJ IDEA 2019.2.2\lib\idea_rt.jar=50875:C:\Program Files\JetBrains\IntelliJ IDEA 2019.2.2\bin -Dfile.encoding=UTF-8 
java_command: com.example.demo.DemoApplication
java_class_path (initial): C:\Users\Никита\IdeaProjects\ProjectPracticeSpring\target\classes;C:\Users\Никита\.m2\repository\javax\xml\bind\jaxb-api\2.3.0\jaxb-api-2.3.0.jar;C:\Users\Никита\.m2\repository\org\springframework\boot\spring-boot-starter-data-jdbc\2.2.0.RELEASE\spring-boot-starter-data-jdbc-2.2.0.RELEASE.jar;C:\Users\Никита\.m2\repository\org\springframework\boot\spring-boot-starter-jdbc\2.2.0.RELEASE\spring-boot-starter-jdbc-2.2.0.RELEASE.jar;C:\Users\Никита\.m2\repository\com\zaxxer\HikariCP\3.4.1\HikariCP-3.4.1.jar;C:\Users\Никита\.m2\repository\org\springframework\spring-jdbc\5.2.0.RELEASE\spring-jdbc-5.2.0.RELEASE.jar;C:\Users\Никита\.m2\repository\org\springframework\data\spring-data-jdbc\1.1.0.RELEASE\spring-data-jdbc-1.1.0.RELEASE.jar;C:\Users\Никита\.m2\repository\org\springframework\data\spring-data-relational\1.1.0.RELEASE\spring-data-relational-1.1.0.RELEASE.jar;C:\Users\Никита\.m2\repository\org\springframework\data\spring-data-commons\2.2.0.RELEASE\spring-data-commons-2.2.0.RELEASE.jar;C:\Users\Никита\.m2\repository\org\springframework\spring-tx\5.2.0.RELEASE\spring-tx-5.2.0.RELEASE.jar;C:\Users\Никита\.m2\repository\org\springframework\spring-context\5.2.0.RELEASE\spring-context-5.2.0.RELEASE.jar;C:\Users\Никита\.m2\repository\org\springframework\spring-beans\5.2.0.RELEASE\spring-beans-5.2.0.RELEASE.jar;C:\Users\Никита\.m2\repository\org\slf4j\slf4j-api\1.7.28\slf4j-api-1.7.28.jar;C:\Users\Никита\.m2\repository\org\springframework\boot\spring-boot-starter-data-jpa\2.2.0.RELEASE\spring-boot-starter-data-jpa-2.2.0.RELEASE.jar;C:\Users\Никита\.m2\repository\org\springframework\boot\spring-boot-starter-aop\2.2.0.RELEASE\spring-boot-starter-aop-2.2.0.RELEASE.jar;C:\Users\Никита\.m2\repository\org\springframework\spring-aop\5.2.0.RELEASE\spring-aop-5.2.0.RELEASE.jar;C:\Users\Никита\.m2\repository\org\aspectj\aspectjweaver\1.9.4\aspectjweaver-1.9.4.jar;C:\Users\Никита\.m2\repository\jakarta\activation\jakarta.activation-api\1.2.1\jakarta.activat
Launcher Type: SUN_STANDARD

[Global flags]
     bool BytecodeVerificationLocal                = false                                     {product} {command line}
     bool BytecodeVerificationRemote               = false                                     {product} {command line}
     intx CICompilerCount                          = 3                                         {product} {ergonomic}
     uint ConcGCThreads                            = 1                                         {product} {ergonomic}
     uint G1ConcRefinementThreads                  = 4                                         {product} {ergonomic}
   size_t G1HeapRegionSize                         = 1048576                                   {product} {ergonomic}
    uintx GCDrainStackTargetSize                   = 64                                        {product} {ergonomic}
   size_t InitialHeapSize                          = 67108864                                  {product} {ergonomic}
     bool ManagementServer                         = true                                      {product} {command line}
   size_t MarkStackSize                            = 4194304                                   {product} {ergonomic}
   size_t MaxHeapSize                              = 1048576000                                {product} {ergonomic}
   size_t MaxNewSize                               = 629145600                                 {product} {ergonomic}
   size_t MinHeapDeltaBytes                        = 1048576                                   {product} {ergonomic}
    uintx NonNMethodCodeHeapSize                   = 6973028                                {pd product} {ergonomic}
    uintx NonProfiledCodeHeapSize                  = 244685212                              {pd product} {ergonomic}
    uintx ProfiledCodeHeapSize                     = 0                                      {pd product} {ergonomic}
    uintx ReservedCodeCacheSize                    = 251658240                              {pd product} {ergonomic}
     bool SegmentedCodeCache                       = true                                      {product} {ergonomic}
     intx TieredStopAtLevel                        = 1                                         {product} {command line}
     bool UseCompressedClassPointers               = true                                 {lp64_product} {ergonomic}
     bool UseCompressedOops                        = true                                 {lp64_product} {ergonomic}
     bool UseG1GC                                  = true                                      {product} {ergonomic}
     bool UseLargePagesIndividualAllocation        = false                                  {pd product} {ergonomic}

Logging:
Log output configuration:
 #0: stdout all=warning uptime,level,tags
 #1: stderr all=off uptime,level,tags

Environment Variables:
PATH=C:\Program Files (x86)\Common Files\Oracle\Java\javapath;C:\Program Files (x86)\NVIDIA Corporation\PhysX\Common;C:\WINDOWS\system32;C:\WINDOWS;C:\WINDOWS\System32\Wbem;C:\WINDOWS\System32\WindowsPowerShell\v1.0\;C:\Program Files\dotnet\;C:\WINDOWS\System32\OpenSSH\;C:\Program Files\nodejs\;C:\Users\Никита\AppData\Local\Microsoft\WindowsApps;C:\Users\Никита\AppData\Local\Programs\MiKTeX 2.9\miktex\bin\x64\;C:\Users\Никита\AppData\Roaming\npm;
USERNAME=Никита
OS=Windows_NT
PROCESSOR_IDENTIFIER=Intel64 Family 6 Model 142 Stepping 9, GenuineIntel



---------------  S Y S T E M  ---------------

OS: Windows 10 , 64 bit Build 18362 (10.0.18362.329)

CPU:total 4 (initial active 4) (2 cores per cpu, 2 threads per core) family 6 model 142 stepping 9, cmov, cx8, fxsr, mmx, sse, sse2, sse3, ssse3, sse4.1, sse4.2, popcnt, avx, avx2, aes, clmul, erms, 3dnowpref, lzcnt, ht, tsc, tscinvbit, bmi1, bmi2, adx, fma

Memory: 4k page, system-wide physical 3996M (364M free)
TotalPageFile size 6044M (AvailPageFile size 16M)
current process WorkingSet (physical memory assigned to process): 134M, peak: 134M
current process commit charge ("private bytes"): 171M, peak: 184M

vm_info: OpenJDK 64-Bit Server VM (11.0.3+12-b304.56) for windows-amd64 JRE (11.0.3+12-b304.56), built on Sep  3 2019 10:54:25 by "" with MS VC++ 14.0 (VS2015)

END.
