#
# There is insufficient memory for the Java Runtime Environment to continue.
# Native memory allocation (mmap) failed to map 13631488 bytes for Failed to commit area from 0x00000000c5800000 to 0x00000000c6500000 of length 13631488.
# Possible reasons:
#   The system is out of physical RAM or swap space
#   The process is running with CompressedOops enabled, and the Java Heap may be blocking the growth of the native heap
# Possible solutions:
#   Reduce memory load on the system
#   Increase physical memory or swap space
#   Check if swap backing store is full
#   Decrease Java heap size (-Xmx/-Xms)
#   Decrease number of Java threads
#   Decrease Java thread stack sizes (-Xss)
#   Set larger code cache with -XX:ReservedCodeCacheSize=
#   JVM is running with Unscaled Compressed Oops mode in which the Java heap is
#     placed in the first 4GB address space. The Java Heap base address is the
#     maximum limit for the native heap growth. Please use -XX:HeapBaseMinAddress
#     to set the Java Heap base and to place the Java Heap above 4GB virtual address.
# This output file may be truncated or incomplete.
#
#  Out of Memory Error (c:/BuildAgent/work/5ff2f6c26000d570/src/hotspot/os/windows/os_windows.cpp:3272), pid=1556, tid=7364
#
# JRE version: OpenJDK Runtime Environment (11.0.3+12) (build 11.0.3+12-b304.56)
# Java VM: OpenJDK 64-Bit Server VM (11.0.3+12-b304.56, mixed mode, sharing, tiered, compressed oops, g1 gc, windows-amd64)
# No core dump will be written. Minidumps are not enabled by default on client versions of Windows
#

---------------  S U M M A R Y ------------

Command Line: -XX:TieredStopAtLevel=1 -Xverify:none -Dspring.output.ansi.enabled=always -Dcom.sun.management.jmxremote -Dspring.jmx.enabled=true -Dspring.liveBeansView.mbeanDomain -Dspring.application.admin.enabled=true -javaagent:C:\Program Files\JetBrains\IntelliJ IDEA 2019.2.2\lib\idea_rt.jar=50924:C:\Program Files\JetBrains\IntelliJ IDEA 2019.2.2\bin -Dfile.encoding=UTF-8 com.example.demo.DemoApplication

Host: Intel(R) Core(TM) i5-7200U CPU @ 2.50GHz, 4 cores, 3G,  Windows 10 , 64 bit Build 18362 (10.0.18362.329)
Time: Tue Oct 22 10:19:00 2019 RTZ 2 (ceia) elapsed time: 2 seconds (0d 0h 0m 2s)

---------------  T H R E A D  ---------------

Current thread (0x0000019065fac000):  VMThread "VM Thread" [stack: 0x000000220a000000,0x000000220a100000] [id=7364]

Stack: [0x000000220a000000,0x000000220a100000]
[error occurred during error reporting (printing stack bounds), id 0xc0000005, EXCEPTION_ACCESS_VIOLATION (0xc0000005) at pc=0x0000019051eb0bad]

Native frames: (J=compiled Java code, j=interpreted, Vv=VM code, C=native code)
V  [jvm.dll+0x5da77a]
V  [jvm.dll+0x70b9c9]
V  [jvm.dll+0x70cee8]
V  [jvm.dll+0x70d515]
V  [jvm.dll+0x70d4cb]
V  [jvm.dll+0x5d9f08]
V  [jvm.dll+0x5da368]
C  [ntdll.dll+0xa11ff]
C  [ntdll.dll+0x6a289]
C  [ntdll.dll+0x9fe6e]
C  0x0000019051eb0bad

VM_Operation (0x00000022099fcf30): G1CollectForAllocation, mode: safepoint, requested by thread 0x000001904dff3000


---------------  P R O C E S S  ---------------

Threads class SMR info:
_java_thread_list=0x0000019067570180, length=13, elements={
0x000001904dff3000, 0x0000019065fb1000, 0x0000019065fb3000, 0x0000019065fd4800,
0x0000019065fd5800, 0x0000019065fd7800, 0x0000019065fdb800, 0x000001904e0a6000,
0x0000019066d0c000, 0x0000019066d0f000, 0x0000019066de8000, 0x0000019067369000,
0x000001906738d000
}

Java Threads: ( => current thread )
  0x000001904dff3000 JavaThread "main" [_thread_blocked, id=5936, stack(0x0000002209900000,0x0000002209a00000)]
  0x0000019065fb1000 JavaThread "Reference Handler" daemon [_thread_blocked, id=4592, stack(0x000000220a100000,0x000000220a200000)]
  0x0000019065fb3000 JavaThread "Finalizer" daemon [_thread_blocked, id=8488, stack(0x000000220a200000,0x000000220a300000)]
  0x0000019065fd4800 JavaThread "Signal Dispatcher" daemon [_thread_blocked, id=1020, stack(0x000000220a300000,0x000000220a400000)]
  0x0000019065fd5800 JavaThread "Attach Listener" daemon [_thread_blocked, id=4572, stack(0x000000220a400000,0x000000220a500000)]
  0x0000019065fd7800 JavaThread "C1 CompilerThread0" daemon [_thread_blocked, id=7292, stack(0x000000220a500000,0x000000220a600000)]
  0x0000019065fdb800 JavaThread "Sweeper thread" daemon [_thread_blocked, id=7512, stack(0x000000220a600000,0x000000220a700000)]
  0x000001904e0a6000 JavaThread "Common-Cleaner" daemon [_thread_blocked, id=4996, stack(0x000000220a700000,0x000000220a800000)]
  0x0000019066d0c000 JavaThread "Monitor Ctrl-Break" daemon [_thread_in_native, id=7324, stack(0x000000220a900000,0x000000220aa00000)]
  0x0000019066d0f000 JavaThread "Service Thread" daemon [_thread_blocked, id=4132, stack(0x000000220aa00000,0x000000220ab00000)]
  0x0000019066de8000 JavaThread "RMI TCP Accept-0" daemon [_thread_in_native, id=1180, stack(0x000000220ab00000,0x000000220ac00000)]
  0x0000019067369000 JavaThread "RMI TCP Connection(1)-172.31.4.77" daemon [_thread_in_native, id=2984, stack(0x000000220b000000,0x000000220b100000)]
  0x000001906738d000 JavaThread "RMI Scheduler(0)" daemon [_thread_blocked, id=5012, stack(0x000000220b100000,0x000000220b200000)]

Other Threads:
=>0x0000019065fac000 VMThread "VM Thread" [stack: 0x000000220a000000,0x000000220a100000] [id=7364]
  0x0000019066eb9000 WatcherThread [stack: 0x000000220ac00000,0x000000220ad00000] [id=7540]
  0x000001904e00d000 GCTaskThread "GC Thread#0" [stack: 0x0000002209b00000,0x0000002209c00000] [id=7236]
  0x0000019066eba000 GCTaskThread "GC Thread#1" [stack: 0x000000220ad00000,0x000000220ae00000] [id=6916]
  0x00000190673fc000 GCTaskThread "GC Thread#2" [stack: 0x000000220b200000,0x000000220b300000] [id=5388]
  0x000001906740a800 GCTaskThread "GC Thread#3" [stack: 0x000000220b300000,0x000000220b400000] [id=7268]
  0x000001904e026000 ConcurrentGCThread "G1 Main Marker" [stack: 0x0000002209c00000,0x0000002209d00000] [id=2260]
  0x000001904e028800 ConcurrentGCThread "G1 Conc#0" [stack: 0x0000002209d00000,0x0000002209e00000] [id=6460]
  0x000001904e07e000 ConcurrentGCThread "G1 Refine#0" [stack: 0x0000002209e00000,0x0000002209f00000] [id=5276]
  0x0000019066a74000 ConcurrentGCThread "G1 Refine#1" [stack: 0x000000220ae00000,0x000000220af00000] [id=5088]
  0x000001904e07f000 ConcurrentGCThread "G1 Young RemSet Sampling" [stack: 0x0000002209f00000,0x000000220a000000] [id=1716]

Threads with active compile tasks:

VM state:at safepoint (normal execution)

VM Mutex/Monitor currently owned by a thread:  ([mutex/lock_event])
[0x000001904dff28c0] Threads_lock - owner thread: 0x0000019065fac000
[0x000001904dff1fc0] Heap_lock - owner thread: 0x000001904dff3000

Heap address: 0x00000000c1800000, size: 1000 MB, Compressed Oops mode: 32-bit
Narrow klass base: 0x0000000800000000, Narrow klass shift: 3
Compressed class space size: 1073741824 Address: 0x0000000840000000

Heap:
 garbage-first heap   total 78848K, used 9491K [0x00000000c1800000, 0x0000000100000000)
  region size 1024K, 2 young (2048K), 2 survivors (2048K)
 Metaspace       used 17941K, capacity 18766K, committed 18944K, reserved 1064960K
  class space    used 2477K, capacity 2803K, committed 2816K, reserved 1048576K
Heap Regions: E=young(eden), S=young(survivor), O=old, HS=humongous(starts), HC=humongous(continues), CS=collection set, F=free, A=archive, TAMS=top-at-mark-start (previous, next)
|   0|0x00000000c1800000, 0x00000000c1900000, 0x00000000c1900000|100%| O|  |TAMS 0x00000000c1800000, 0x00000000c1800000| Untracked 
|   1|0x00000000c1900000, 0x00000000c1a00000, 0x00000000c1a00000|100%| O|  |TAMS 0x00000000c1900000, 0x00000000c1900000| Untracked 
|   2|0x00000000c1a00000, 0x00000000c1b00000, 0x00000000c1b00000|100%| O|  |TAMS 0x00000000c1a00000, 0x00000000c1a00000| Untracked 
|   3|0x00000000c1b00000, 0x00000000c1c00000, 0x00000000c1c00000|100%| O|  |TAMS 0x00000000c1b00000, 0x00000000c1b00000| Untracked 
|   4|0x00000000c1c00000, 0x00000000c1d00000, 0x00000000c1d00000|100%| O|  |TAMS 0x00000000c1c00000, 0x00000000c1c00000| Untracked 
|   5|0x00000000c1d00000, 0x00000000c1e00000, 0x00000000c1e00000|100%| O|  |TAMS 0x00000000c1d00000, 0x00000000c1d00000| Untracked 
|   6|0x00000000c1e00000, 0x00000000c1f00000, 0x00000000c1f00000|100%| O|  |TAMS 0x00000000c1e00000, 0x00000000c1e00000| Untracked 
|   7|0x00000000c1f00000, 0x00000000c1f44c00, 0x00000000c2000000| 26%| O|  |TAMS 0x00000000c1f00000, 0x00000000c1f00000| Untracked 
|   8|0x00000000c2000000, 0x00000000c2000000, 0x00000000c2100000|  0%| F|  |TAMS 0x00000000c2000000, 0x00000000c2000000| Untracked 
|   9|0x00000000c2100000, 0x00000000c2100000, 0x00000000c2200000|  0%| F|  |TAMS 0x00000000c2100000, 0x00000000c2100000| Untracked 
|  10|0x00000000c2200000, 0x00000000c2200000, 0x00000000c2300000|  0%| F|  |TAMS 0x00000000c2200000, 0x00000000c2200000| Untracked 
|  11|0x00000000c2300000, 0x00000000c2300000, 0x00000000c2400000|  0%| F|  |TAMS 0x00000000c2300000, 0x00000000c2300000| Untracked 
|  12|0x00000000c2400000, 0x00000000c2400000, 0x00000000c2500000|  0%| F|  |TAMS 0x00000000c2400000, 0x00000000c2400000| Untracked 
|  13|0x00000000c2500000, 0x00000000c2500000, 0x00000000c2600000|  0%| F|  |TAMS 0x00000000c2500000, 0x00000000c2500000| Untracked 
|  14|0x00000000c2600000, 0x00000000c2600000, 0x00000000c2700000|  0%| F|  |TAMS 0x00000000c2600000, 0x00000000c2600000| Untracked 
|  15|0x00000000c2700000, 0x00000000c2700000, 0x00000000c2800000|  0%| F|  |TAMS 0x00000000c2700000, 0x00000000c2700000| Untracked 
|  16|0x00000000c2800000, 0x00000000c2800000, 0x00000000c2900000|  0%| F|  |TAMS 0x00000000c2800000, 0x00000000c2800000| Untracked 
|  17|0x00000000c2900000, 0x00000000c2900000, 0x00000000c2a00000|  0%| F|  |TAMS 0x00000000c2900000, 0x00000000c2900000| Untracked 
|  18|0x00000000c2a00000, 0x00000000c2a00000, 0x00000000c2b00000|  0%| F|  |TAMS 0x00000000c2a00000, 0x00000000c2a00000| Untracked 
|  19|0x00000000c2b00000, 0x00000000c2b00000, 0x00000000c2c00000|  0%| F|  |TAMS 0x00000000c2b00000, 0x00000000c2b00000| Untracked 
|  20|0x00000000c2c00000, 0x00000000c2c00000, 0x00000000c2d00000|  0%| F|  |TAMS 0x00000000c2c00000, 0x00000000c2c00000| Untracked 
|  21|0x00000000c2d00000, 0x00000000c2d00000, 0x00000000c2e00000|  0%| F|  |TAMS 0x00000000c2d00000, 0x00000000c2d00000| Untracked 
|  22|0x00000000c2e00000, 0x00000000c2e00000, 0x00000000c2f00000|  0%| F|  |TAMS 0x00000000c2e00000, 0x00000000c2e00000| Untracked 
|  23|0x00000000c2f00000, 0x00000000c2f00000, 0x00000000c3000000|  0%| F|  |TAMS 0x00000000c2f00000, 0x00000000c2f00000| Untracked 
|  24|0x00000000c3000000, 0x00000000c3000000, 0x00000000c3100000|  0%| F|  |TAMS 0x00000000c3000000, 0x00000000c3000000| Untracked 
|  25|0x00000000c3100000, 0x00000000c3100000, 0x00000000c3200000|  0%| F|  |TAMS 0x00000000c3100000, 0x00000000c3100000| Untracked 
|  26|0x00000000c3200000, 0x00000000c3200000, 0x00000000c3300000|  0%| F|  |TAMS 0x00000000c3200000, 0x00000000c3200000| Untracked 
|  27|0x00000000c3300000, 0x00000000c3300000, 0x00000000c3400000|  0%| F|  |TAMS 0x00000000c3300000, 0x00000000c3300000| Untracked 
|  28|0x00000000c3400000, 0x00000000c3400000, 0x00000000c3500000|  0%| F|  |TAMS 0x00000000c3400000, 0x00000000c3400000| Untracked 
|  29|0x00000000c3500000, 0x00000000c3500000, 0x00000000c3600000|  0%| F|  |TAMS 0x00000000c3500000, 0x00000000c3500000| Untracked 
|  30|0x00000000c3600000, 0x00000000c3600000, 0x00000000c3700000|  0%| F|  |TAMS 0x00000000c3600000, 0x00000000c3600000| Untracked 
|  31|0x00000000c3700000, 0x00000000c3700000, 0x00000000c3800000|  0%| F|  |TAMS 0x00000000c3700000, 0x00000000c3700000| Untracked 
|  32|0x00000000c3800000, 0x00000000c3800000, 0x00000000c3900000|  0%| F|  |TAMS 0x00000000c3800000, 0x00000000c3800000| Untracked 
|  33|0x00000000c3900000, 0x00000000c3900000, 0x00000000c3a00000|  0%| F|  |TAMS 0x00000000c3900000, 0x00000000c3900000| Untracked 
|  34|0x00000000c3a00000, 0x00000000c3b00000, 0x00000000c3b00000|100%| S|CS|TAMS 0x00000000c3a00000, 0x00000000c3a00000| Complete 
|  35|0x00000000c3b00000, 0x00000000c3c00000, 0x00000000c3c00000|100%| S|CS|TAMS 0x00000000c3b00000, 0x00000000c3b00000| Complete 
|  36|0x00000000c3c00000, 0x00000000c3c00000, 0x00000000c3d00000|  0%| F|  |TAMS 0x00000000c3c00000, 0x00000000c3c00000| Untracked 
|  37|0x00000000c3d00000, 0x00000000c3d00000, 0x00000000c3e00000|  0%| F|  |TAMS 0x00000000c3d00000, 0x00000000c3d00000| Untracked 
|  38|0x00000000c3e00000, 0x00000000c3e00000, 0x00000000c3f00000|  0%| F|  |TAMS 0x00000000c3e00000, 0x00000000c3e00000| Untracked 
|  39|0x00000000c3f00000, 0x00000000c3f00000, 0x00000000c4000000|  0%| F|  |TAMS 0x00000000c3f00000, 0x00000000c3f00000| Untracked 
|  40|0x00000000c4000000, 0x00000000c4000000, 0x00000000c4100000|  0%| F|  |TAMS 0x00000000c4000000, 0x00000000c4000000| Untracked 
|  41|0x00000000c4100000, 0x00000000c4100000, 0x00000000c4200000|  0%| F|  |TAMS 0x00000000c4100000, 0x00000000c4100000| Untracked 
|  42|0x00000000c4200000, 0x00000000c4200000, 0x00000000c4300000|  0%| F|  |TAMS 0x00000000c4200000, 0x00000000c4200000| Untracked 
|  43|0x00000000c4300000, 0x00000000c4300000, 0x00000000c4400000|  0%| F|  |TAMS 0x00000000c4300000, 0x00000000c4300000| Untracked 
|  44|0x00000000c4400000, 0x00000000c4400000, 0x00000000c4500000|  0%| F|  |TAMS 0x00000000c4400000, 0x00000000c4400000| Untracked 
|  45|0x00000000c4500000, 0x00000000c4500000, 0x00000000c4600000|  0%| F|  |TAMS 0x00000000c4500000, 0x00000000c4500000| Untracked 
|  46|0x00000000c4600000, 0x00000000c4600000, 0x00000000c4700000|  0%| F|  |TAMS 0x00000000c4600000, 0x00000000c4600000| Untracked 
|  47|0x00000000c4700000, 0x00000000c4700000, 0x00000000c4800000|  0%| F|  |TAMS 0x00000000c4700000, 0x00000000c4700000| Untracked 
|  48|0x00000000c4800000, 0x00000000c4800000, 0x00000000c4900000|  0%| F|  |TAMS 0x00000000c4800000, 0x00000000c4800000| Untracked 
|  49|0x00000000c4900000, 0x00000000c4900000, 0x00000000c4a00000|  0%| F|  |TAMS 0x00000000c4900000, 0x00000000c4900000| Untracked 
|  50|0x00000000c4a00000, 0x00000000c4a00000, 0x00000000c4b00000|  0%| F|  |TAMS 0x00000000c4a00000, 0x00000000c4a00000| Untracked 
|  51|0x00000000c4b00000, 0x00000000c4b00000, 0x00000000c4c00000|  0%| F|  |TAMS 0x00000000c4b00000, 0x00000000c4b00000| Untracked 
|  52|0x00000000c4c00000, 0x00000000c4c00000, 0x00000000c4d00000|  0%| F|  |TAMS 0x00000000c4c00000, 0x00000000c4c00000| Untracked 
|  53|0x00000000c4d00000, 0x00000000c4d00000, 0x00000000c4e00000|  0%| F|  |TAMS 0x00000000c4d00000, 0x00000000c4d00000| Untracked 
|  54|0x00000000c4e00000, 0x00000000c4e00000, 0x00000000c4f00000|  0%| F|  |TAMS 0x00000000c4e00000, 0x00000000c4e00000| Untracked 
|  55|0x00000000c4f00000, 0x00000000c4f00000, 0x00000000c5000000|  0%| F|  |TAMS 0x00000000c4f00000, 0x00000000c4f00000| Untracked 
|  56|0x00000000c5000000, 0x00000000c5000000, 0x00000000c5100000|  0%| F|  |TAMS 0x00000000c5000000, 0x00000000c5000000| Untracked 
|  57|0x00000000c5100000, 0x00000000c5100000, 0x00000000c5200000|  0%| F|  |TAMS 0x00000000c5100000, 0x00000000c5100000| Untracked 
|  58|0x00000000c5200000, 0x00000000c5200000, 0x00000000c5300000|  0%| F|  |TAMS 0x00000000c5200000, 0x00000000c5200000| Untracked 
|  59|0x00000000c5300000, 0x00000000c5300000, 0x00000000c5400000|  0%| F|  |TAMS 0x00000000c5300000, 0x00000000c5300000| Untracked 
|  60|0x00000000c5400000, 0x00000000c5400000, 0x00000000c5500000|  0%| F|  |TAMS 0x00000000c5400000, 0x00000000c5400000| Untracked 
|  61|0x00000000c5500000, 0x00000000c5500000, 0x00000000c5600000|  0%| F|  |TAMS 0x00000000c5500000, 0x00000000c5500000| Untracked 
|  62|0x00000000c5600000, 0x00000000c5600000, 0x00000000c5700000|  0%| F|  |TAMS 0x00000000c5600000, 0x00000000c5600000| Untracked 
|  63|0x00000000c5700000, 0x00000000c5700000, 0x00000000c5800000|  0%| F|  |TAMS 0x00000000c5700000, 0x00000000c5700000| Untracked 

Card table byte_map: [0x00000190616d0000,0x00000190618d0000] _byte_map_base: 0x00000190610c4000

Marking Bits (Prev, Next): (CMBitMap*) 0x000001904e021828, (CMBitMap*) 0x000001904e021860
 Prev Bits: [0x0000019061ad0000, 0x0000019062a70000)
 Next Bits: [0x0000019062a70000, 0x0000019063a10000)

Polling page: 0x000001904c6f0000

Metaspace:

Usage:
  Non-class:     15.59 MB capacity,    15.10 MB ( 97%) used,   421.34 KB (  3%) free+waste,    77.81 KB ( <1%) overhead. 
      Class:      2.74 MB capacity,     2.42 MB ( 88%) used,   283.52 KB ( 10%) free+waste,    42.00 KB (  1%) overhead. 
       Both:     18.33 MB capacity,    17.52 MB ( 96%) used,   704.87 KB (  4%) free+waste,   119.81 KB ( <1%) overhead. 

Virtual space:
  Non-class space:       16.00 MB reserved,      15.75 MB ( 98%) committed 
      Class space:        1.00 GB reserved,       2.75 MB ( <1%) committed 
             Both:        1.02 GB reserved,      18.50 MB (  2%) committed 

Chunk freelists:
   Non-Class:  37.00 KB
       Class:  13.00 KB
        Both:  50.00 KB

CodeHeap 'non-profiled nmethods': size=238912Kb used=3307Kb max_used=3307Kb free=235605Kb
 bounds [0x0000019052560000, 0x00000190528a0000, 0x0000019060eb0000]
CodeHeap 'non-nmethods': size=6848Kb used=1174Kb max_used=1174Kb free=5673Kb
 bounds [0x0000019051eb0000, 0x0000019052120000, 0x0000019052560000]
 total_blobs=2680 nmethods=2153 adapters=435
 compilation: enabled
              stopped_count=0, restarted_count=0
 full_count=0

Compilation events (10 events):
Event: 2.543 Thread 0x0000019065fd7800 2151       1       java.lang.Throwable::<init> (39 bytes)
Event: 2.543 Thread 0x0000019065fd7800 nmethod 2151 0x0000019052899390 code [0x0000019052899580, 0x0000019052899b50]
Event: 2.545 Thread 0x0000019065fd7800 2152       1       java.util.HashSet::<init> (18 bytes)
Event: 2.545 Thread 0x0000019065fd7800 nmethod 2152 0x0000019052899c90 code [0x0000019052899e40, 0x000001905289a070]
Event: 2.545 Thread 0x0000019065fd7800 2153       1       java.util.LinkedHashMap::<init> (12 bytes)
Event: 2.545 Thread 0x0000019065fd7800 nmethod 2153 0x000001905289a190 code [0x000001905289a340, 0x000001905289a4b0]
Event: 2.547 Thread 0x0000019065fd7800 2154       1       java.lang.Enum::name (5 bytes)
Event: 2.547 Thread 0x0000019065fd7800 nmethod 2154 0x000001905289a510 code [0x000001905289a6c0, 0x000001905289a7f8]
Event: 2.557 Thread 0x0000019065fd7800 2155       1       java.util.HashMap::isEmpty (13 bytes)
Event: 2.557 Thread 0x0000019065fd7800 nmethod 2155 0x000001905289a890 code [0x000001905289aa40, 0x000001905289ab98]

GC Heap History (9 events):
Event: 1.303 GC heap before
{Heap before GC invocations=0 (full 0):
 garbage-first heap   total 65536K, used 14336K [0x00000000c1800000, 0x0000000100000000)
  region size 1024K, 14 young (14336K), 0 survivors (0K)
 Metaspace       used 5199K, capacity 5593K, committed 5632K, reserved 1056768K
  class space    used 651K, capacity 767K, committed 768K, reserved 1048576K
}
Event: 1.316 GC heap after
{Heap after GC invocations=1 (full 0):
 garbage-first heap   total 65536K, used 5546K [0x00000000c1800000, 0x0000000100000000)
  region size 1024K, 2 young (2048K), 2 survivors (2048K)
 Metaspace       used 5199K, capacity 5593K, committed 5632K, reserved 1056768K
  class space    used 651K, capacity 767K, committed 768K, reserved 1048576K
}
Event: 1.561 GC heap before
{Heap before GC invocations=1 (full 0):
 garbage-first heap   total 65536K, used 11690K [0x00000000c1800000, 0x0000000100000000)
  region size 1024K, 9 young (9216K), 2 survivors (2048K)
 Metaspace       used 6279K, capacity 6617K, committed 6912K, reserved 1056768K
  class space    used 784K, capacity 921K, committed 1024K, reserved 1048576K
}
Event: 1.569 GC heap after
{Heap after GC invocations=2 (full 0):
 garbage-first heap   total 65536K, used 6335K [0x00000000c1800000, 0x0000000100000000)
  region size 1024K, 1 young (1024K), 1 survivors (1024K)
 Metaspace       used 6279K, capacity 6617K, committed 6912K, reserved 1056768K
  class space    used 784K, capacity 921K, committed 1024K, reserved 1048576K
}
Event: 1.961 GC heap before
{Heap before GC invocations=2 (full 0):
 garbage-first heap   total 65536K, used 27839K [0x00000000c1800000, 0x0000000100000000)
  region size 1024K, 22 young (22528K), 1 survivors (1024K)
 Metaspace       used 10451K, capacity 11063K, committed 11136K, reserved 1058816K
  class space    used 1412K, capacity 1654K, committed 1664K, reserved 1048576K
}
Event: 1.973 GC heap after
{Heap after GC invocations=3 (full 0):
 garbage-first heap   total 65536K, used 7646K [0x00000000c1800000, 0x0000000100000000)
  region size 1024K, 2 young (2048K), 2 survivors (2048K)
 Metaspace       used 10451K, capacity 11063K, committed 11136K, reserved 1058816K
  class space    used 1412K, capacity 1654K, committed 1664K, reserved 1048576K
}
Event: 2.203 GC heap before
{Heap before GC invocations=3 (full 0):
 garbage-first heap   total 65536K, used 30174K [0x00000000c1800000, 0x0000000100000000)
  region size 1024K, 25 young (25600K), 2 survivors (2048K)
 Metaspace       used 13568K, capacity 14258K, committed 14592K, reserved 1060864K
  class space    used 1934K, capacity 2207K, committed 2304K, reserved 1048576K
}
Event: 2.209 GC heap after
{Heap after GC invocations=4 (full 0):
 garbage-first heap   total 65536K, used 8579K [0x00000000c1800000, 0x0000000100000000)
  region size 1024K, 3 young (3072K), 3 survivors (3072K)
 Metaspace       used 13568K, capacity 14258K, committed 14592K, reserved 1060864K
  class space    used 1934K, capacity 2207K, committed 2304K, reserved 1048576K
}
Event: 2.559 GC heap before
{Heap before GC invocations=4 (full 0):
 garbage-first heap   total 65536K, used 33155K [0x00000000c1800000, 0x0000000100000000)
  region size 1024K, 28 young (28672K), 3 survivors (3072K)
 Metaspace       used 17941K, capacity 18766K, committed 18944K, reserved 1064960K
  class space    used 2477K, capacity 2803K, committed 2816K, reserved 1048576K
}

Deoptimization events (0 events):
No events

Classes redefined (0 events):
No events

Internal exceptions (10 events):
Event: 2.384 Thread 0x000001904dff3000 Exception <a 'java/lang/ClassNotFoundException'{0x00000000c4b661f8}: org/springframework/beans/factory/AwareCustomizer> (0x00000000c4b661f8) thrown at [c:/BuildAgent/work/5ff2f6c26000d570/src/hotspot/share/classfile/systemDictionary.cpp, line 231]
Event: 2.385 Thread 0x000001904dff3000 Exception <a 'java/lang/ClassNotFoundException'{0x00000000c4b70228}: org/springframework/context/EnvironmentAwareCustomizer> (0x00000000c4b70228) thrown at [c:/BuildAgent/work/5ff2f6c26000d570/src/hotspot/share/classfile/systemDictionary.cpp, line 231]
Event: 2.386 Thread 0x000001904dff3000 Exception <a 'java/lang/ClassNotFoundException'{0x00000000c4b7aae8}: org/springframework/beans/factory/AwareCustomizer> (0x00000000c4b7aae8) thrown at [c:/BuildAgent/work/5ff2f6c26000d570/src/hotspot/share/classfile/systemDictionary.cpp, line 231]
Event: 2.417 Thread 0x0000019067369000 Exception <a 'java/lang/reflect/InvocationTargetException'{0x00000000c4809a00}> (0x00000000c4809a00) thrown at [c:/BuildAgent/work/5ff2f6c26000d570/src/hotspot/share/runtime/reflection.cpp, line 1242]
Event: 2.461 Thread 0x00000190672bc800 Exception <a 'java/lang/NoSuchMethodError'{0x00000000c4501fb8}: java.lang.invoke.DirectMethodHandle$Holder.invokeSpecial(Ljava/lang/Object;Ljava/lang/Object;)J> (0x00000000c4501fb8) thrown at [c:/BuildAgent/work/5ff2f6c26000d570/src/hotspot/share/interpre
Event: 2.465 Thread 0x00000190672bc800 Exception <a 'java/lang/NoSuchMethodError'{0x00000000c453ce18}: java.lang.invoke.DirectMethodHandle$Holder.invokeStatic(Ljava/lang/Object;Ljava/lang/Object;)J> (0x00000000c453ce18) thrown at [c:/BuildAgent/work/5ff2f6c26000d570/src/hotspot/share/interpret
Event: 2.465 Thread 0x00000190672bc800 Exception <a 'java/lang/NoSuchMethodError'{0x00000000c453fc40}: java.lang.invoke.DirectMethodHandle$Holder.invokeStaticInit(Ljava/lang/Object;Ljava/lang/Object;)J> (0x00000000c453fc40) thrown at [c:/BuildAgent/work/5ff2f6c26000d570/src/hotspot/share/inter
Event: 2.474 Thread 0x00000190672bc800 Exception <a 'java/lang/NoSuchMethodError'{0x00000000c4570d68}: java.lang.invoke.DirectMethodHandle$Holder.invokeInterface(Ljava/lang/Object;Ljava/lang/Object;)J> (0x00000000c4570d68) thrown at [c:/BuildAgent/work/5ff2f6c26000d570/src/hotspot/share/interp
Event: 2.474 Thread 0x00000190672bc800 Exception <a 'java/lang/IncompatibleClassChangeError'{0x00000000c4573b00}: Found class java.lang.Object, but interface was expected> (0x00000000c4573b00) thrown at [c:/BuildAgent/work/5ff2f6c26000d570/src/hotspot/share/interpreter/linkResolver.cpp, line 8
Event: 2.498 Thread 0x00000190672bc800 Exception <a 'java/lang/NoSuchMethodError'{0x00000000c432ed18}: java.lang.invoke.DirectMethodHandle$Holder.invokeVirtual(Ljava/lang/Object;Ljava/lang/Object;Ljava/lang/Object;Ljava/lang/Object;)Ljava/lang/Object;> (0x00000000c432ed18) thrown at [c:/BuildA

Events (10 events):
Event: 2.549 loading class org/springframework/cache/interceptor/AbstractCacheInvoker done
Event: 2.557 loading class org/springframework/boot/jdbc/XADataSourceWrapper
Event: 2.557 loading class org/springframework/boot/jdbc/XADataSourceWrapper done
Event: 2.557 loading class org/springframework/mail/javamail/JavaMailSenderImpl
Event: 2.557 loading class org/springframework/mail/javamail/JavaMailSenderImpl done
Event: 2.558 loading class org/springframework/boot/autoconfigure/AutoConfigurationImportListener
Event: 2.558 loading class org/springframework/boot/autoconfigure/AutoConfigurationImportListener done
Event: 2.558 loading class org/springframework/boot/autoconfigure/condition/ConditionEvaluationReportAutoConfigurationImportListener
Event: 2.558 loading class org/springframework/boot/autoconfigure/condition/ConditionEvaluationReportAutoConfigurationImportListener done
Event: 2.558 Executing VM operation: G1CollectForAllocation


Dynamic libraries:
0x00007ff6fa160000 - 0x00007ff6fa1a7000 	C:\Program Files\JetBrains\IntelliJ IDEA 2019.2.2\jbr\bin\java.exe
0x00007ffb1ef80000 - 0x00007ffb1f170000 	C:\WINDOWS\SYSTEM32\ntdll.dll
0x00007ffb1ea00000 - 0x00007ffb1eab2000 	C:\WINDOWS\System32\KERNEL32.DLL
0x00007ffb1c2d0000 - 0x00007ffb1c573000 	C:\WINDOWS\System32\KERNELBASE.dll
0x00007ffb1e860000 - 0x00007ffb1e9f4000 	C:\WINDOWS\System32\USER32.dll
0x00007ffb1c100000 - 0x00007ffb1c121000 	C:\WINDOWS\System32\win32u.dll
0x00007ffb1ee10000 - 0x00007ffb1ee36000 	C:\WINDOWS\System32\GDI32.dll
0x00007ffb1ce60000 - 0x00007ffb1cff4000 	C:\WINDOWS\System32\gdi32full.dll
0x00007ffb1c180000 - 0x00007ffb1c21e000 	C:\WINDOWS\System32\msvcp_win.dll
0x00007ffb1cd00000 - 0x00007ffb1cdfa000 	C:\WINDOWS\System32\ucrtbase.dll
0x00007ffb0dea0000 - 0x00007ffb0e125000 	C:\WINDOWS\WinSxS\amd64_microsoft.windows.common-controls_6595b64144ccf1df_6.0.18362.418_none_e6c6b287130d565d\COMCTL32.dll
0x00007ffb1ee40000 - 0x00007ffb1eede000 	C:\WINDOWS\System32\msvcrt.dll
0x00007ffb1d920000 - 0x00007ffb1dc56000 	C:\WINDOWS\System32\combase.dll
0x00007ffb1d540000 - 0x00007ffb1d660000 	C:\WINDOWS\System32\RPCRT4.dll
0x00007ffb1c080000 - 0x00007ffb1c100000 	C:\WINDOWS\System32\bcryptPrimitives.dll
0x00007ffb1d170000 - 0x00007ffb1d19e000 	C:\WINDOWS\System32\IMM32.DLL
0x00007ffb15a80000 - 0x00007ffb15a97000 	C:\Program Files\JetBrains\IntelliJ IDEA 2019.2.2\jbr\bin\vcruntime140.dll
0x00007ffb0cf20000 - 0x00007ffb0cfbd000 	C:\Program Files\JetBrains\IntelliJ IDEA 2019.2.2\jbr\bin\msvcp140.dll
0x00007ffae3650000 - 0x00007ffae4107000 	C:\Program Files\JetBrains\IntelliJ IDEA 2019.2.2\jbr\bin\server\jvm.dll
0x00007ffb1eac0000 - 0x00007ffb1eb63000 	C:\WINDOWS\System32\ADVAPI32.dll
0x00007ffb1ec20000 - 0x00007ffb1ecb7000 	C:\WINDOWS\System32\sechost.dll
0x00007ffb1e850000 - 0x00007ffb1e858000 	C:\WINDOWS\System32\PSAPI.DLL
0x00007ffb187e0000 - 0x00007ffb187e9000 	C:\WINDOWS\SYSTEM32\WSOCK32.dll
0x00007ffb1ecc0000 - 0x00007ffb1ed2f000 	C:\WINDOWS\System32\WS2_32.dll
0x00007ffb19790000 - 0x00007ffb197b4000 	C:\WINDOWS\SYSTEM32\WINMM.dll
0x00007ffb0fb50000 - 0x00007ffb0fb5a000 	C:\WINDOWS\SYSTEM32\VERSION.dll
0x00007ffb19760000 - 0x00007ffb1978d000 	C:\WINDOWS\SYSTEM32\WINMMBASE.dll
0x00007ffb1c130000 - 0x00007ffb1c17a000 	C:\WINDOWS\System32\cfgmgr32.dll
0x00007ffb1be60000 - 0x00007ffb1be71000 	C:\WINDOWS\System32\kernel.appcore.dll
0x00007ffb10df0000 - 0x00007ffb10e01000 	C:\Program Files\JetBrains\IntelliJ IDEA 2019.2.2\jbr\bin\verify.dll
0x00007ffb04e90000 - 0x00007ffb05084000 	C:\WINDOWS\SYSTEM32\DBGHELP.DLL
0x00007ffb04e30000 - 0x00007ffb04e5a000 	C:\WINDOWS\SYSTEM32\dbgcore.DLL
0x00007ffb10dc0000 - 0x00007ffb10de9000 	C:\Program Files\JetBrains\IntelliJ IDEA 2019.2.2\jbr\bin\java.dll
0x00007ffb18760000 - 0x00007ffb18794000 	C:\Program Files\JetBrains\IntelliJ IDEA 2019.2.2\jbr\bin\instrument.dll
0x00007ffb10d10000 - 0x00007ffb10d27000 	C:\Program Files\JetBrains\IntelliJ IDEA 2019.2.2\jbr\bin\zip.dll
0x00007ffb186e0000 - 0x00007ffb186eb000 	C:\Program Files\JetBrains\IntelliJ IDEA 2019.2.2\jbr\bin\jimage.dll
0x00007ffb1dc70000 - 0x00007ffb1e355000 	C:\WINDOWS\System32\SHELL32.dll
0x00007ffb1eb70000 - 0x00007ffb1ec19000 	C:\WINDOWS\System32\shcore.dll
0x00007ffb1c580000 - 0x00007ffb1ccff000 	C:\WINDOWS\System32\windows.storage.dll
0x00007ffb1bed0000 - 0x00007ffb1beef000 	C:\WINDOWS\System32\profapi.dll
0x00007ffb1be80000 - 0x00007ffb1beca000 	C:\WINDOWS\System32\powrprof.dll
0x00007ffb1be50000 - 0x00007ffb1be60000 	C:\WINDOWS\System32\UMPDC.dll
0x00007ffb1d290000 - 0x00007ffb1d2e2000 	C:\WINDOWS\System32\shlwapi.dll
0x00007ffb1c060000 - 0x00007ffb1c077000 	C:\WINDOWS\System32\cryptsp.dll
0x00007ffb0db80000 - 0x00007ffb0db9a000 	C:\Program Files\JetBrains\IntelliJ IDEA 2019.2.2\jbr\bin\net.dll
0x00007ffb0e850000 - 0x00007ffb0e940000 	C:\WINDOWS\SYSTEM32\WINHTTP.dll
0x00007ffb09f40000 - 0x00007ffb0a116000 	C:\WINDOWS\SYSTEM32\urlmon.dll
0x00007ffb0a240000 - 0x00007ffb0a4e6000 	C:\WINDOWS\SYSTEM32\iertutil.dll
0x00007ffb1b890000 - 0x00007ffb1b89c000 	C:\WINDOWS\SYSTEM32\CRYPTBASE.DLL
0x00007ffb1b6c0000 - 0x00007ffb1b727000 	C:\WINDOWS\system32\mswsock.dll
0x00007ffb0db60000 - 0x00007ffb0db74000 	C:\Program Files\JetBrains\IntelliJ IDEA 2019.2.2\jbr\bin\nio.dll
0x00007ffb18740000 - 0x00007ffb1875a000 	C:\Program Files\JetBrains\IntelliJ IDEA 2019.2.2\bin\breakgen64.dll
0x00007ffb1b410000 - 0x00007ffb1b4da000 	C:\WINDOWS\SYSTEM32\DNSAPI.dll
0x00007ffb1ee00000 - 0x00007ffb1ee08000 	C:\WINDOWS\System32\NSI.dll
0x00007ffb1b3d0000 - 0x00007ffb1b40a000 	C:\WINDOWS\SYSTEM32\IPHLPAPI.DLL
0x00007ffb0ccd0000 - 0x00007ffb0ccda000 	C:\Windows\System32\rasadhlp.dll
0x00007ffb0f5f0000 - 0x00007ffb0f667000 	C:\WINDOWS\System32\fwpuclnt.dll
0x00007ffb1d000000 - 0x00007ffb1d026000 	C:\WINDOWS\System32\bcrypt.dll
0x00007ffb10e80000 - 0x00007ffb10e8a000 	C:\Program Files\JetBrains\IntelliJ IDEA 2019.2.2\jbr\bin\management.dll
0x00007ffb10d00000 - 0x00007ffb10d0c000 	C:\Program Files\JetBrains\IntelliJ IDEA 2019.2.2\jbr\bin\management_ext.dll
0x00007ffb1b230000 - 0x00007ffb1b263000 	C:\WINDOWS\system32\rsaenh.dll
0x00007ffb1bd40000 - 0x00007ffb1bd65000 	C:\WINDOWS\SYSTEM32\USERENV.dll
0x00007ffb0f850000 - 0x00007ffb0f866000 	C:\WINDOWS\SYSTEM32\dhcpcsvc6.DLL
0x00007ffb0f940000 - 0x00007ffb0f95c000 	C:\WINDOWS\SYSTEM32\dhcpcsvc.DLL
0x00007ffb0d5e0000 - 0x00007ffb0d5f6000 	C:\WINDOWS\system32\napinsp.dll
0x00007ffb0d340000 - 0x00007ffb0d35a000 	C:\WINDOWS\system32\pnrpnsp.dll
0x00007ffb0d5d0000 - 0x00007ffb0d5de000 	C:\WINDOWS\System32\winrnr.dll
0x00007ffb18690000 - 0x00007ffb186ac000 	C:\WINDOWS\system32\NLAapi.dll
0x00007ffb16100000 - 0x00007ffb16115000 	C:\WINDOWS\system32\wshbth.dll

dbghelp: loaded successfully - version: 4.0.5 - missing functions: none
symbol engine: initialized successfully - sym options: 0x614 - pdb path: .;C:\Program Files\JetBrains\IntelliJ IDEA 2019.2.2\jbr\bin;C:\WINDOWS\SYSTEM32;C:\WINDOWS\WinSxS\amd64_microsoft.windows.common-controls_6595b64144ccf1df_6.0.18362.418_none_e6c6b287130d565d;C:\Program Files\JetBrains\IntelliJ IDEA 2019.2.2\jbr\bin\server;C:\Program Files\JetBrains\IntelliJ IDEA 2019.2.2\bin

VM Arguments:
jvm_args: -XX:TieredStopAtLevel=1 -Xverify:none -Dspring.output.ansi.enabled=always -Dcom.sun.management.jmxremote -Dspring.jmx.enabled=true -Dspring.liveBeansView.mbeanDomain -Dspring.application.admin.enabled=true -javaagent:C:\Program Files\JetBrains\IntelliJ IDEA 2019.2.2\lib\idea_rt.jar=50924:C:\Program Files\JetBrains\IntelliJ IDEA 2019.2.2\bin -Dfile.encoding=UTF-8 
java_command: com.example.demo.DemoApplication
java_class_path (initial): C:\Users\Никита\IdeaProjects\ProjectPracticeSpring\target\classes;C:\Users\Никита\.m2\repository\org\hibernate\hibernate-core\4.1.4.Final\hibernate-core-4.1.4.Final.jar;C:\Users\Никита\.m2\repository\antlr\antlr\2.7.7\antlr-2.7.7.jar;C:\Users\Никита\.m2\repository\org\jboss\logging\jboss-logging\3.4.1.Final\jboss-logging-3.4.1.Final.jar;C:\Users\Никита\.m2\repository\org\jboss\spec\javax\transaction\jboss-transaction-api_1.1_spec\1.0.0.Final\jboss-transaction-api_1.1_spec-1.0.0.Final.jar;C:\Users\Никита\.m2\repository\dom4j\dom4j\1.6.1\dom4j-1.6.1.jar;C:\Users\Никита\.m2\repository\org\hibernate\javax\persistence\hibernate-jpa-2.0-api\1.0.1.Final\hibernate-jpa-2.0-api-1.0.1.Final.jar;C:\Users\Никита\.m2\repository\org\javassist\javassist\3.15.0-GA\javassist-3.15.0-GA.jar;C:\Users\Никита\.m2\repository\org\hibernate\common\hibernate-commons-annotations\4.0.1.Final\hibernate-commons-annotations-4.0.1.Final.jar;C:\Users\Никита\.m2\repository\org\springframework\boot\spring-boot-starter-data-jdbc\2.2.0.RELEASE\spring-boot-starter-data-jdbc-2.2.0.RELEASE.jar;C:\Users\Никита\.m2\repository\org\springframework\boot\spring-boot-starter-jdbc\2.2.0.RELEASE\spring-boot-starter-jdbc-2.2.0.RELEASE.jar;C:\Users\Никита\.m2\repository\com\zaxxer\HikariCP\3.4.1\HikariCP-3.4.1.jar;C:\Users\Никита\.m2\repository\org\springframework\spring-jdbc\5.2.0.RELEASE\spring-jdbc-5.2.0.RELEASE.jar;C:\Users\Никита\.m2\repository\org\springframework\data\spring-data-jdbc\1.1.0.RELEASE\spring-data-jdbc-1.1.0.RELEASE.jar;C:\Users\Никита\.m2\repository\org\springframework\data\spring-data-relational\1.1.0.RELEASE\spring-data-relational-1.1.0.RELEASE.jar;C:\Users\Никита\.m2\repository\org\springframework\data\spring-data-commons\2.2.0.RELEASE\spring-data-commons-2.2.0.RELEASE.jar;C:\Users\Никита\.m2\repository\org\springframework\spring-tx\5.2.0.RELEASE\spring-tx-5.2.0.RELEASE.jar;C:\Users\Никита\.m2\repository\org\springframework\spring-context\5.2.0.RELEASE\spring-contex
Launcher Type: SUN_STANDARD

[Global flags]
     bool BytecodeVerificationLocal                = false                                     {product} {command line}
     bool BytecodeVerificationRemote               = false                                     {product} {command line}
     intx CICompilerCount                          = 3                                         {product} {ergonomic}
     uint ConcGCThreads                            = 1                                         {product} {ergonomic}
     uint G1ConcRefinementThreads                  = 4                                         {product} {ergonomic}
   size_t G1HeapRegionSize                         = 1048576                                   {product} {ergonomic}
    uintx GCDrainStackTargetSize                   = 64                                        {product} {ergonomic}
   size_t InitialHeapSize                          = 67108864                                  {product} {ergonomic}
     bool ManagementServer                         = true                                      {product} {command line}
   size_t MarkStackSize                            = 4194304                                   {product} {ergonomic}
   size_t MaxHeapSize                              = 1048576000                                {product} {ergonomic}
   size_t MaxNewSize                               = 629145600                                 {product} {ergonomic}
   size_t MinHeapDeltaBytes                        = 1048576                                   {product} {ergonomic}
    uintx NonNMethodCodeHeapSize                   = 6973028                                {pd product} {ergonomic}
    uintx NonProfiledCodeHeapSize                  = 244685212                              {pd product} {ergonomic}
    uintx ProfiledCodeHeapSize                     = 0                                      {pd product} {ergonomic}
    uintx ReservedCodeCacheSize                    = 251658240                              {pd product} {ergonomic}
     bool SegmentedCodeCache                       = true                                      {product} {ergonomic}
     intx TieredStopAtLevel                        = 1                                         {product} {command line}
     bool UseCompressedClassPointers               = true                                 {lp64_product} {ergonomic}
     bool UseCompressedOops                        = true                                 {lp64_product} {ergonomic}
     bool UseG1GC                                  = true                                      {product} {ergonomic}
     bool UseLargePagesIndividualAllocation        = false                                  {pd product} {ergonomic}

Logging:
Log output configuration:
 #0: stdout all=warning uptime,level,tags
 #1: stderr all=off uptime,level,tags

Environment Variables:
PATH=C:\Program Files (x86)\Common Files\Oracle\Java\javapath;C:\Program Files (x86)\NVIDIA Corporation\PhysX\Common;C:\WINDOWS\system32;C:\WINDOWS;C:\WINDOWS\System32\Wbem;C:\WINDOWS\System32\WindowsPowerShell\v1.0\;C:\Program Files\dotnet\;C:\WINDOWS\System32\OpenSSH\;C:\Program Files\nodejs\;C:\Users\Никита\AppData\Local\Microsoft\WindowsApps;C:\Users\Никита\AppData\Local\Programs\MiKTeX 2.9\miktex\bin\x64\;C:\Users\Никита\AppData\Roaming\npm;
USERNAME=Никита
OS=Windows_NT
PROCESSOR_IDENTIFIER=Intel64 Family 6 Model 142 Stepping 9, GenuineIntel



---------------  S Y S T E M  ---------------

OS: Windows 10 , 64 bit Build 18362 (10.0.18362.329)

CPU:total 4 (initial active 4) (2 cores per cpu, 2 threads per core) family 6 model 142 stepping 9, cmov, cx8, fxsr, mmx, sse, sse2, sse3, ssse3, sse4.1, sse4.2, popcnt, avx, avx2, aes, clmul, erms, 3dnowpref, lzcnt, ht, tsc, tscinvbit, bmi1, bmi2, adx, fma

Memory: 4k page, system-wide physical 3996M (395M free)
TotalPageFile size 6044M (AvailPageFile size 4M)
current process WorkingSet (physical memory assigned to process): 108M, peak: 108M
current process commit charge ("private bytes"): 158M, peak: 171M

vm_info: OpenJDK 64-Bit Server VM (11.0.3+12-b304.56) for windows-amd64 JRE (11.0.3+12-b304.56), built on Sep  3 2019 10:54:25 by "" with MS VC++ 14.0 (VS2015)

END.
